{"/Users/rendell/Documents/nodejs/devconnector/app.js": {"path":"/Users/rendell/Documents/nodejs/devconnector/app.js","statementMap":{"0":{"start":{"line":1,"column":16},"end":{"line":1,"column":34}},"1":{"start":{"line":2,"column":17},"end":{"line":2,"column":36}},"2":{"start":{"line":3,"column":19},"end":{"line":3,"column":41}},"3":{"start":{"line":4,"column":17},"end":{"line":4,"column":36}},"4":{"start":{"line":5,"column":13},"end":{"line":5,"column":28}},"5":{"start":{"line":7,"column":14},"end":{"line":7,"column":43}},"6":{"start":{"line":8,"column":16},"end":{"line":8,"column":47}},"7":{"start":{"line":9,"column":14},"end":{"line":9,"column":43}},"8":{"start":{"line":11,"column":12},"end":{"line":11,"column":21}},"9":{"start":{"line":14,"column":0},"end":{"line":14,"column":52}},"10":{"start":{"line":15,"column":0},"end":{"line":15,"column":27}},"11":{"start":{"line":18,"column":11},"end":{"line":18,"column":44}},"12":{"start":{"line":27,"column":0},"end":{"line":30,"column":34}},"13":{"start":{"line":29,"column":14},"end":{"line":29,"column":46}},"14":{"start":{"line":30,"column":16},"end":{"line":30,"column":32}},"15":{"start":{"line":33,"column":0},"end":{"line":33,"column":31}},"16":{"start":{"line":36,"column":0},"end":{"line":36,"column":39}},"17":{"start":{"line":39,"column":0},"end":{"line":39,"column":29}},"18":{"start":{"line":40,"column":0},"end":{"line":40,"column":33}},"19":{"start":{"line":41,"column":0},"end":{"line":41,"column":29}},"20":{"start":{"line":44,"column":0},"end":{"line":51,"column":1}},"21":{"start":{"line":46,"column":2},"end":{"line":46,"column":42}},"22":{"start":{"line":48,"column":2},"end":{"line":50,"column":5}},"23":{"start":{"line":49,"column":4},"end":{"line":49,"column":75}},"24":{"start":{"line":53,"column":0},"end":{"line":53,"column":21}}},"fnMap":{"0":{"name":"(anonymous_0)","decl":{"start":{"line":29,"column":8},"end":{"line":29,"column":9}},"loc":{"start":{"line":29,"column":14},"end":{"line":29,"column":46}},"line":29},"1":{"name":"(anonymous_1)","decl":{"start":{"line":30,"column":9},"end":{"line":30,"column":10}},"loc":{"start":{"line":30,"column":16},"end":{"line":30,"column":32}},"line":30},"2":{"name":"(anonymous_2)","decl":{"start":{"line":48,"column":15},"end":{"line":48,"column":16}},"loc":{"start":{"line":48,"column":29},"end":{"line":50,"column":3}},"line":48}},"branchMap":{"0":{"loc":{"start":{"line":44,"column":0},"end":{"line":51,"column":1}},"type":"if","locations":[{"start":{"line":44,"column":0},"end":{"line":51,"column":1}},{"start":{"line":44,"column":0},"end":{"line":51,"column":1}}],"line":44}},"s":{"0":4,"1":4,"2":4,"3":4,"4":4,"5":4,"6":4,"7":4,"8":4,"9":4,"10":4,"11":4,"12":4,"13":3,"14":0,"15":4,"16":4,"17":4,"18":4,"19":4,"20":4,"21":0,"22":0,"23":0,"24":4},"f":{"0":3,"1":0,"2":0},"b":{"0":[0,4]},"_coverageSchema":"43e27e138ebf9cfc5966b082cf9a028302ed4184","hash":"0fb9d8d3c253caee77863f561b88f46683de899f"}
,"/Users/rendell/Documents/nodejs/devconnector/config/keys.js": {"path":"/Users/rendell/Documents/nodejs/devconnector/config/keys.js","statementMap":{"0":{"start":{"line":1,"column":0},"end":{"line":5,"column":1}},"1":{"start":{"line":2,"column":2},"end":{"line":2,"column":42}},"2":{"start":{"line":4,"column":2},"end":{"line":4,"column":41}}},"fnMap":{},"branchMap":{"0":{"loc":{"start":{"line":1,"column":0},"end":{"line":5,"column":1}},"type":"if","locations":[{"start":{"line":1,"column":0},"end":{"line":5,"column":1}},{"start":{"line":1,"column":0},"end":{"line":5,"column":1}}],"line":1}},"s":{"0":4,"1":0,"2":4},"f":{},"b":{"0":[0,4]},"_coverageSchema":"43e27e138ebf9cfc5966b082cf9a028302ed4184","hash":"4a5c51f0cb14414d9255c174ee2fe94f8d901ecd"}
,"/Users/rendell/Documents/nodejs/devconnector/config/keys_dev.js": {"path":"/Users/rendell/Documents/nodejs/devconnector/config/keys_dev.js","statementMap":{"0":{"start":{"line":1,"column":0},"end":{"line":4,"column":2}}},"fnMap":{},"branchMap":{},"s":{"0":4},"f":{},"b":{},"_coverageSchema":"43e27e138ebf9cfc5966b082cf9a028302ed4184","hash":"80ccd9f3ea723290884d28e989d3739974b4db51"}
,"/Users/rendell/Documents/nodejs/devconnector/config/passport.js": {"path":"/Users/rendell/Documents/nodejs/devconnector/config/passport.js","statementMap":{"0":{"start":{"line":1,"column":20},"end":{"line":1,"column":52}},"1":{"start":{"line":2,"column":19},"end":{"line":2,"column":53}},"2":{"start":{"line":3,"column":17},"end":{"line":3,"column":36}},"3":{"start":{"line":4,"column":13},"end":{"line":4,"column":36}},"4":{"start":{"line":5,"column":13},"end":{"line":5,"column":38}},"5":{"start":{"line":7,"column":13},"end":{"line":7,"column":15}},"6":{"start":{"line":8,"column":0},"end":{"line":8,"column":63}},"7":{"start":{"line":9,"column":0},"end":{"line":9,"column":36}},"8":{"start":{"line":11,"column":0},"end":{"line":24,"column":2}},"9":{"start":{"line":12,"column":2},"end":{"line":23,"column":4}},"10":{"start":{"line":14,"column":6},"end":{"line":21,"column":40}},"11":{"start":{"line":16,"column":10},"end":{"line":18,"column":11}},"12":{"start":{"line":17,"column":12},"end":{"line":17,"column":36}},"13":{"start":{"line":19,"column":10},"end":{"line":19,"column":35}},"14":{"start":{"line":21,"column":22},"end":{"line":21,"column":38}}},"fnMap":{"0":{"name":"(anonymous_0)","decl":{"start":{"line":11,"column":17},"end":{"line":11,"column":18}},"loc":{"start":{"line":11,"column":29},"end":{"line":24,"column":1}},"line":11},"1":{"name":"(anonymous_1)","decl":{"start":{"line":13,"column":26},"end":{"line":13,"column":27}},"loc":{"start":{"line":13,"column":49},"end":{"line":22,"column":5}},"line":13},"2":{"name":"(anonymous_2)","decl":{"start":{"line":15,"column":14},"end":{"line":15,"column":15}},"loc":{"start":{"line":15,"column":22},"end":{"line":20,"column":9}},"line":15},"3":{"name":"(anonymous_3)","decl":{"start":{"line":21,"column":15},"end":{"line":21,"column":16}},"loc":{"start":{"line":21,"column":22},"end":{"line":21,"column":38}},"line":21}},"branchMap":{"0":{"loc":{"start":{"line":16,"column":10},"end":{"line":18,"column":11}},"type":"if","locations":[{"start":{"line":16,"column":10},"end":{"line":18,"column":11}},{"start":{"line":16,"column":10},"end":{"line":18,"column":11}}],"line":16}},"s":{"0":4,"1":4,"2":4,"3":4,"4":4,"5":4,"6":4,"7":4,"8":4,"9":4,"10":44,"11":44,"12":44,"13":0,"14":0},"f":{"0":4,"1":44,"2":44,"3":0},"b":{"0":[44,0]},"_coverageSchema":"43e27e138ebf9cfc5966b082cf9a028302ed4184","hash":"885dbda9b31b3cbc491601b4ef5f912128e5556f"}
,"/Users/rendell/Documents/nodejs/devconnector/models/Post.js": {"path":"/Users/rendell/Documents/nodejs/devconnector/models/Post.js","statementMap":{"0":{"start":{"line":1,"column":17},"end":{"line":1,"column":36}},"1":{"start":{"line":2,"column":15},"end":{"line":2,"column":30}},"2":{"start":{"line":5,"column":19},"end":{"line":54,"column":2}},"3":{"start":{"line":56,"column":0},"end":{"line":56,"column":59}}},"fnMap":{},"branchMap":{},"s":{"0":4,"1":4,"2":4,"3":4},"f":{},"b":{},"_coverageSchema":"43e27e138ebf9cfc5966b082cf9a028302ed4184","hash":"408499b22229fc3b738492ceb2c8ae6001d2584e"}
,"/Users/rendell/Documents/nodejs/devconnector/models/Profile.js": {"path":"/Users/rendell/Documents/nodejs/devconnector/models/Profile.js","statementMap":{"0":{"start":{"line":1,"column":17},"end":{"line":1,"column":36}},"1":{"start":{"line":2,"column":15},"end":{"line":2,"column":30}},"2":{"start":{"line":5,"column":22},"end":{"line":118,"column":2}},"3":{"start":{"line":120,"column":0},"end":{"line":120,"column":68}}},"fnMap":{},"branchMap":{},"s":{"0":4,"1":4,"2":4,"3":4},"f":{},"b":{},"_coverageSchema":"43e27e138ebf9cfc5966b082cf9a028302ed4184","hash":"fa1a4fd59425a2b3e3469723724939905bd3f9d7"}
,"/Users/rendell/Documents/nodejs/devconnector/models/User.js": {"path":"/Users/rendell/Documents/nodejs/devconnector/models/User.js","statementMap":{"0":{"start":{"line":1,"column":17},"end":{"line":1,"column":36}},"1":{"start":{"line":2,"column":15},"end":{"line":2,"column":30}},"2":{"start":{"line":5,"column":19},"end":{"line":25,"column":2}},"3":{"start":{"line":27,"column":0},"end":{"line":27,"column":60}}},"fnMap":{},"branchMap":{},"s":{"0":4,"1":4,"2":4,"3":4},"f":{},"b":{},"_coverageSchema":"43e27e138ebf9cfc5966b082cf9a028302ed4184","hash":"b37370292542d3af59752f8205058b7b79966a86"}
,"/Users/rendell/Documents/nodejs/devconnector/routes/api/posts.js": {"path":"/Users/rendell/Documents/nodejs/devconnector/routes/api/posts.js","statementMap":{"0":{"start":{"line":1,"column":16},"end":{"line":1,"column":34}},"1":{"start":{"line":2,"column":15},"end":{"line":2,"column":31}},"2":{"start":{"line":3,"column":17},"end":{"line":3,"column":36}},"3":{"start":{"line":4,"column":17},"end":{"line":4,"column":36}},"4":{"start":{"line":7,"column":13},"end":{"line":7,"column":41}},"5":{"start":{"line":9,"column":16},"end":{"line":9,"column":47}},"6":{"start":{"line":12,"column":26},"end":{"line":12,"column":58}},"7":{"start":{"line":17,"column":0},"end":{"line":19,"column":3}},"8":{"start":{"line":18,"column":2},"end":{"line":18,"column":29}},"9":{"start":{"line":24,"column":0},"end":{"line":29,"column":3}},"10":{"start":{"line":25,"column":2},"end":{"line":28,"column":69}},"11":{"start":{"line":27,"column":19},"end":{"line":27,"column":34}},"12":{"start":{"line":28,"column":18},"end":{"line":28,"column":67}},"13":{"start":{"line":34,"column":0},"end":{"line":40,"column":3}},"14":{"start":{"line":35,"column":2},"end":{"line":39,"column":6}},"15":{"start":{"line":36,"column":18},"end":{"line":36,"column":32}},"16":{"start":{"line":38,"column":6},"end":{"line":38,"column":72}},"17":{"start":{"line":45,"column":0},"end":{"line":66,"column":2}},"18":{"start":{"line":49,"column":32},"end":{"line":49,"column":59}},"19":{"start":{"line":52,"column":4},"end":{"line":55,"column":5}},"20":{"start":{"line":54,"column":6},"end":{"line":54,"column":42}},"21":{"start":{"line":57,"column":20},"end":{"line":62,"column":6}},"22":{"start":{"line":64,"column":4},"end":{"line":64,"column":48}},"23":{"start":{"line":64,"column":32},"end":{"line":64,"column":46}},"24":{"start":{"line":71,"column":0},"end":{"line":95,"column":2}},"25":{"start":{"line":75,"column":4},"end":{"line":93,"column":7}},"26":{"start":{"line":76,"column":6},"end":{"line":92,"column":79}},"27":{"start":{"line":78,"column":10},"end":{"line":85,"column":11}},"28":{"start":{"line":79,"column":38},"end":{"line":79,"column":74}},"29":{"start":{"line":82,"column":12},"end":{"line":84,"column":70}},"30":{"start":{"line":88,"column":10},"end":{"line":88,"column":52}},"31":{"start":{"line":90,"column":10},"end":{"line":90,"column":51}},"32":{"start":{"line":90,"column":35},"end":{"line":90,"column":49}},"33":{"start":{"line":92,"column":22},"end":{"line":92,"column":77}},"34":{"start":{"line":100,"column":0},"end":{"line":130,"column":2}},"35":{"start":{"line":104,"column":4},"end":{"line":128,"column":7}},"36":{"start":{"line":105,"column":6},"end":{"line":127,"column":79}},"37":{"start":{"line":107,"column":10},"end":{"line":114,"column":11}},"38":{"start":{"line":108,"column":38},"end":{"line":108,"column":74}},"39":{"start":{"line":111,"column":12},"end":{"line":113,"column":70}},"40":{"start":{"line":117,"column":30},"end":{"line":119,"column":33}},"41":{"start":{"line":118,"column":25},"end":{"line":118,"column":45}},"42":{"start":{"line":122,"column":10},"end":{"line":122,"column":44}},"43":{"start":{"line":125,"column":10},"end":{"line":125,"column":51}},"44":{"start":{"line":125,"column":35},"end":{"line":125,"column":49}},"45":{"start":{"line":127,"column":22},"end":{"line":127,"column":77}},"46":{"start":{"line":135,"column":0},"end":{"line":164,"column":2}},"47":{"start":{"line":139,"column":32},"end":{"line":139,"column":59}},"48":{"start":{"line":142,"column":4},"end":{"line":145,"column":5}},"49":{"start":{"line":144,"column":6},"end":{"line":144,"column":42}},"50":{"start":{"line":147,"column":4},"end":{"line":162,"column":77}},"51":{"start":{"line":149,"column":27},"end":{"line":154,"column":9}},"52":{"start":{"line":157,"column":8},"end":{"line":157,"column":42}},"53":{"start":{"line":160,"column":8},"end":{"line":160,"column":49}},"54":{"start":{"line":160,"column":33},"end":{"line":160,"column":47}},"55":{"start":{"line":162,"column":20},"end":{"line":162,"column":75}},"56":{"start":{"line":169,"column":0},"end":{"line":199,"column":2}},"57":{"start":{"line":173,"column":4},"end":{"line":197,"column":77}},"58":{"start":{"line":176,"column":8},"end":{"line":184,"column":9}},"59":{"start":{"line":178,"column":23},"end":{"line":178,"column":71}},"60":{"start":{"line":181,"column":10},"end":{"line":183,"column":66}},"61":{"start":{"line":187,"column":28},"end":{"line":189,"column":41}},"62":{"start":{"line":188,"column":23},"end":{"line":188,"column":42}},"63":{"start":{"line":192,"column":8},"end":{"line":192,"column":45}},"64":{"start":{"line":195,"column":8},"end":{"line":195,"column":49}},"65":{"start":{"line":195,"column":33},"end":{"line":195,"column":47}},"66":{"start":{"line":197,"column":20},"end":{"line":197,"column":75}},"67":{"start":{"line":204,"column":0},"end":{"line":224,"column":2}},"68":{"start":{"line":208,"column":4},"end":{"line":222,"column":7}},"69":{"start":{"line":209,"column":6},"end":{"line":221,"column":79}},"70":{"start":{"line":212,"column":10},"end":{"line":216,"column":11}},"71":{"start":{"line":213,"column":12},"end":{"line":215,"column":62}},"72":{"start":{"line":219,"column":10},"end":{"line":219,"column":64}},"73":{"start":{"line":219,"column":35},"end":{"line":219,"column":62}},"74":{"start":{"line":221,"column":22},"end":{"line":221,"column":77}},"75":{"start":{"line":226,"column":0},"end":{"line":226,"column":24}}},"fnMap":{"0":{"name":"(anonymous_0)","decl":{"start":{"line":17,"column":20},"end":{"line":17,"column":21}},"loc":{"start":{"line":17,"column":34},"end":{"line":19,"column":1}},"line":17},"1":{"name":"(anonymous_1)","decl":{"start":{"line":24,"column":16},"end":{"line":24,"column":17}},"loc":{"start":{"line":24,"column":30},"end":{"line":29,"column":1}},"line":24},"2":{"name":"(anonymous_2)","decl":{"start":{"line":27,"column":10},"end":{"line":27,"column":11}},"loc":{"start":{"line":27,"column":19},"end":{"line":27,"column":34}},"line":27},"3":{"name":"(anonymous_3)","decl":{"start":{"line":28,"column":11},"end":{"line":28,"column":12}},"loc":{"start":{"line":28,"column":18},"end":{"line":28,"column":67}},"line":28},"4":{"name":"(anonymous_4)","decl":{"start":{"line":34,"column":19},"end":{"line":34,"column":20}},"loc":{"start":{"line":34,"column":33},"end":{"line":40,"column":1}},"line":34},"5":{"name":"(anonymous_5)","decl":{"start":{"line":36,"column":10},"end":{"line":36,"column":11}},"loc":{"start":{"line":36,"column":18},"end":{"line":36,"column":32}},"line":36},"6":{"name":"(anonymous_6)","decl":{"start":{"line":37,"column":11},"end":{"line":37,"column":12}},"loc":{"start":{"line":38,"column":6},"end":{"line":38,"column":72}},"line":38},"7":{"name":"(anonymous_7)","decl":{"start":{"line":48,"column":2},"end":{"line":48,"column":3}},"loc":{"start":{"line":48,"column":16},"end":{"line":65,"column":3}},"line":48},"8":{"name":"(anonymous_8)","decl":{"start":{"line":64,"column":24},"end":{"line":64,"column":25}},"loc":{"start":{"line":64,"column":32},"end":{"line":64,"column":46}},"line":64},"9":{"name":"(anonymous_9)","decl":{"start":{"line":74,"column":2},"end":{"line":74,"column":3}},"loc":{"start":{"line":74,"column":16},"end":{"line":94,"column":3}},"line":74},"10":{"name":"(anonymous_10)","decl":{"start":{"line":75,"column":48},"end":{"line":75,"column":49}},"loc":{"start":{"line":75,"column":59},"end":{"line":93,"column":5}},"line":75},"11":{"name":"(anonymous_11)","decl":{"start":{"line":77,"column":14},"end":{"line":77,"column":15}},"loc":{"start":{"line":77,"column":22},"end":{"line":91,"column":9}},"line":77},"12":{"name":"(anonymous_12)","decl":{"start":{"line":79,"column":30},"end":{"line":79,"column":31}},"loc":{"start":{"line":79,"column":38},"end":{"line":79,"column":74}},"line":79},"13":{"name":"(anonymous_13)","decl":{"start":{"line":90,"column":27},"end":{"line":90,"column":28}},"loc":{"start":{"line":90,"column":35},"end":{"line":90,"column":49}},"line":90},"14":{"name":"(anonymous_14)","decl":{"start":{"line":92,"column":15},"end":{"line":92,"column":16}},"loc":{"start":{"line":92,"column":22},"end":{"line":92,"column":77}},"line":92},"15":{"name":"(anonymous_15)","decl":{"start":{"line":103,"column":2},"end":{"line":103,"column":3}},"loc":{"start":{"line":103,"column":16},"end":{"line":129,"column":3}},"line":103},"16":{"name":"(anonymous_16)","decl":{"start":{"line":104,"column":48},"end":{"line":104,"column":49}},"loc":{"start":{"line":104,"column":59},"end":{"line":128,"column":5}},"line":104},"17":{"name":"(anonymous_17)","decl":{"start":{"line":106,"column":14},"end":{"line":106,"column":15}},"loc":{"start":{"line":106,"column":22},"end":{"line":126,"column":9}},"line":106},"18":{"name":"(anonymous_18)","decl":{"start":{"line":108,"column":30},"end":{"line":108,"column":31}},"loc":{"start":{"line":108,"column":38},"end":{"line":108,"column":74}},"line":108},"19":{"name":"(anonymous_19)","decl":{"start":{"line":118,"column":17},"end":{"line":118,"column":18}},"loc":{"start":{"line":118,"column":25},"end":{"line":118,"column":45}},"line":118},"20":{"name":"(anonymous_20)","decl":{"start":{"line":125,"column":27},"end":{"line":125,"column":28}},"loc":{"start":{"line":125,"column":35},"end":{"line":125,"column":49}},"line":125},"21":{"name":"(anonymous_21)","decl":{"start":{"line":127,"column":15},"end":{"line":127,"column":16}},"loc":{"start":{"line":127,"column":22},"end":{"line":127,"column":77}},"line":127},"22":{"name":"(anonymous_22)","decl":{"start":{"line":138,"column":2},"end":{"line":138,"column":3}},"loc":{"start":{"line":138,"column":16},"end":{"line":163,"column":3}},"line":138},"23":{"name":"(anonymous_23)","decl":{"start":{"line":148,"column":12},"end":{"line":148,"column":13}},"loc":{"start":{"line":148,"column":20},"end":{"line":161,"column":7}},"line":148},"24":{"name":"(anonymous_24)","decl":{"start":{"line":160,"column":25},"end":{"line":160,"column":26}},"loc":{"start":{"line":160,"column":33},"end":{"line":160,"column":47}},"line":160},"25":{"name":"(anonymous_25)","decl":{"start":{"line":162,"column":13},"end":{"line":162,"column":14}},"loc":{"start":{"line":162,"column":20},"end":{"line":162,"column":75}},"line":162},"26":{"name":"(anonymous_26)","decl":{"start":{"line":172,"column":2},"end":{"line":172,"column":3}},"loc":{"start":{"line":172,"column":16},"end":{"line":198,"column":3}},"line":172},"27":{"name":"(anonymous_27)","decl":{"start":{"line":174,"column":12},"end":{"line":174,"column":13}},"loc":{"start":{"line":174,"column":20},"end":{"line":196,"column":7}},"line":174},"28":{"name":"(anonymous_28)","decl":{"start":{"line":178,"column":12},"end":{"line":178,"column":13}},"loc":{"start":{"line":178,"column":23},"end":{"line":178,"column":71}},"line":178},"29":{"name":"(anonymous_29)","decl":{"start":{"line":188,"column":15},"end":{"line":188,"column":16}},"loc":{"start":{"line":188,"column":23},"end":{"line":188,"column":42}},"line":188},"30":{"name":"(anonymous_30)","decl":{"start":{"line":195,"column":25},"end":{"line":195,"column":26}},"loc":{"start":{"line":195,"column":33},"end":{"line":195,"column":47}},"line":195},"31":{"name":"(anonymous_31)","decl":{"start":{"line":197,"column":13},"end":{"line":197,"column":14}},"loc":{"start":{"line":197,"column":20},"end":{"line":197,"column":75}},"line":197},"32":{"name":"(anonymous_32)","decl":{"start":{"line":207,"column":2},"end":{"line":207,"column":3}},"loc":{"start":{"line":207,"column":16},"end":{"line":223,"column":3}},"line":207},"33":{"name":"(anonymous_33)","decl":{"start":{"line":208,"column":48},"end":{"line":208,"column":49}},"loc":{"start":{"line":208,"column":59},"end":{"line":222,"column":5}},"line":208},"34":{"name":"(anonymous_34)","decl":{"start":{"line":210,"column":14},"end":{"line":210,"column":15}},"loc":{"start":{"line":210,"column":22},"end":{"line":220,"column":9}},"line":210},"35":{"name":"(anonymous_35)","decl":{"start":{"line":219,"column":29},"end":{"line":219,"column":30}},"loc":{"start":{"line":219,"column":35},"end":{"line":219,"column":62}},"line":219},"36":{"name":"(anonymous_36)","decl":{"start":{"line":221,"column":15},"end":{"line":221,"column":16}},"loc":{"start":{"line":221,"column":22},"end":{"line":221,"column":77}},"line":221}},"branchMap":{"0":{"loc":{"start":{"line":52,"column":4},"end":{"line":55,"column":5}},"type":"if","locations":[{"start":{"line":52,"column":4},"end":{"line":55,"column":5}},{"start":{"line":52,"column":4},"end":{"line":55,"column":5}}],"line":52},"1":{"loc":{"start":{"line":78,"column":10},"end":{"line":85,"column":11}},"type":"if","locations":[{"start":{"line":78,"column":10},"end":{"line":85,"column":11}},{"start":{"line":78,"column":10},"end":{"line":85,"column":11}}],"line":78},"2":{"loc":{"start":{"line":107,"column":10},"end":{"line":114,"column":11}},"type":"if","locations":[{"start":{"line":107,"column":10},"end":{"line":114,"column":11}},{"start":{"line":107,"column":10},"end":{"line":114,"column":11}}],"line":107},"3":{"loc":{"start":{"line":142,"column":4},"end":{"line":145,"column":5}},"type":"if","locations":[{"start":{"line":142,"column":4},"end":{"line":145,"column":5}},{"start":{"line":142,"column":4},"end":{"line":145,"column":5}}],"line":142},"4":{"loc":{"start":{"line":176,"column":8},"end":{"line":184,"column":9}},"type":"if","locations":[{"start":{"line":176,"column":8},"end":{"line":184,"column":9}},{"start":{"line":176,"column":8},"end":{"line":184,"column":9}}],"line":176},"5":{"loc":{"start":{"line":212,"column":10},"end":{"line":216,"column":11}},"type":"if","locations":[{"start":{"line":212,"column":10},"end":{"line":216,"column":11}},{"start":{"line":212,"column":10},"end":{"line":216,"column":11}}],"line":212}},"s":{"0":4,"1":4,"2":4,"3":4,"4":4,"5":4,"6":4,"7":4,"8":0,"9":4,"10":1,"11":1,"12":0,"13":4,"14":1,"15":1,"16":0,"17":4,"18":7,"19":7,"20":0,"21":7,"22":7,"23":7,"24":4,"25":1,"26":1,"27":1,"28":0,"29":0,"30":1,"31":1,"32":1,"33":0,"34":4,"35":1,"36":1,"37":1,"38":1,"39":0,"40":1,"41":1,"42":1,"43":1,"44":1,"45":0,"46":4,"47":2,"48":2,"49":0,"50":2,"51":2,"52":2,"53":2,"54":2,"55":0,"56":4,"57":1,"58":1,"59":1,"60":0,"61":1,"62":1,"63":1,"64":1,"65":1,"66":0,"67":4,"68":1,"69":1,"70":1,"71":0,"72":1,"73":1,"74":0,"75":4},"f":{"0":0,"1":1,"2":1,"3":0,"4":1,"5":1,"6":0,"7":7,"8":7,"9":1,"10":1,"11":1,"12":0,"13":1,"14":0,"15":1,"16":1,"17":1,"18":1,"19":1,"20":1,"21":0,"22":2,"23":2,"24":2,"25":0,"26":1,"27":1,"28":1,"29":1,"30":1,"31":0,"32":1,"33":1,"34":1,"35":1,"36":0},"b":{"0":[0,7],"1":[0,1],"2":[0,1],"3":[0,2],"4":[0,1],"5":[0,1]},"_coverageSchema":"43e27e138ebf9cfc5966b082cf9a028302ed4184","hash":"d3658f14143aecdc42038f7c2cb73cef50bedbca"}
,"/Users/rendell/Documents/nodejs/devconnector/routes/api/profile.js": {"path":"/Users/rendell/Documents/nodejs/devconnector/routes/api/profile.js","statementMap":{"0":{"start":{"line":1,"column":16},"end":{"line":1,"column":34}},"1":{"start":{"line":2,"column":15},"end":{"line":2,"column":31}},"2":{"start":{"line":3,"column":17},"end":{"line":3,"column":36}},"3":{"start":{"line":4,"column":17},"end":{"line":4,"column":36}},"4":{"start":{"line":7,"column":29},"end":{"line":7,"column":64}},"5":{"start":{"line":8,"column":32},"end":{"line":8,"column":70}},"6":{"start":{"line":9,"column":31},"end":{"line":9,"column":68}},"7":{"start":{"line":12,"column":16},"end":{"line":12,"column":47}},"8":{"start":{"line":15,"column":13},"end":{"line":15,"column":41}},"9":{"start":{"line":20,"column":0},"end":{"line":22,"column":3}},"10":{"start":{"line":21,"column":2},"end":{"line":21,"column":31}},"11":{"start":{"line":27,"column":0},"end":{"line":44,"column":2}},"12":{"start":{"line":31,"column":19},"end":{"line":31,"column":21}},"13":{"start":{"line":33,"column":4},"end":{"line":42,"column":47}},"14":{"start":{"line":36,"column":8},"end":{"line":39,"column":9}},"15":{"start":{"line":37,"column":10},"end":{"line":37,"column":65}},"16":{"start":{"line":38,"column":10},"end":{"line":38,"column":46}},"17":{"start":{"line":40,"column":8},"end":{"line":40,"column":26}},"18":{"start":{"line":42,"column":20},"end":{"line":42,"column":45}},"19":{"start":{"line":49,"column":0},"end":{"line":63,"column":3}},"20":{"start":{"line":50,"column":17},"end":{"line":50,"column":19}},"21":{"start":{"line":52,"column":2},"end":{"line":62,"column":78}},"22":{"start":{"line":55,"column":6},"end":{"line":58,"column":7}},"23":{"start":{"line":56,"column":8},"end":{"line":56,"column":51}},"24":{"start":{"line":57,"column":8},"end":{"line":57,"column":44}},"25":{"start":{"line":60,"column":6},"end":{"line":60,"column":25}},"26":{"start":{"line":62,"column":18},"end":{"line":62,"column":76}},"27":{"start":{"line":68,"column":0},"end":{"line":82,"column":3}},"28":{"start":{"line":69,"column":17},"end":{"line":69,"column":19}},"29":{"start":{"line":71,"column":2},"end":{"line":81,"column":45}},"30":{"start":{"line":74,"column":6},"end":{"line":77,"column":7}},"31":{"start":{"line":75,"column":8},"end":{"line":75,"column":63}},"32":{"start":{"line":76,"column":8},"end":{"line":76,"column":37}},"33":{"start":{"line":79,"column":6},"end":{"line":79,"column":24}},"34":{"start":{"line":81,"column":18},"end":{"line":81,"column":43}},"35":{"start":{"line":87,"column":0},"end":{"line":103,"column":3}},"36":{"start":{"line":88,"column":17},"end":{"line":88,"column":19}},"37":{"start":{"line":90,"column":2},"end":{"line":102,"column":6}},"38":{"start":{"line":93,"column":6},"end":{"line":96,"column":7}},"39":{"start":{"line":94,"column":8},"end":{"line":94,"column":63}},"40":{"start":{"line":95,"column":8},"end":{"line":95,"column":37}},"41":{"start":{"line":98,"column":6},"end":{"line":98,"column":24}},"42":{"start":{"line":101,"column":6},"end":{"line":101,"column":76}},"43":{"start":{"line":108,"column":0},"end":{"line":167,"column":2}},"44":{"start":{"line":112,"column":32},"end":{"line":112,"column":62}},"45":{"start":{"line":115,"column":4},"end":{"line":118,"column":5}},"46":{"start":{"line":117,"column":6},"end":{"line":117,"column":42}},"47":{"start":{"line":121,"column":26},"end":{"line":121,"column":28}},"48":{"start":{"line":122,"column":4},"end":{"line":122,"column":37}},"49":{"start":{"line":123,"column":4},"end":{"line":123,"column":64}},"50":{"start":{"line":123,"column":25},"end":{"line":123,"column":64}},"51":{"start":{"line":124,"column":4},"end":{"line":124,"column":67}},"52":{"start":{"line":124,"column":26},"end":{"line":124,"column":67}},"53":{"start":{"line":125,"column":4},"end":{"line":125,"column":67}},"54":{"start":{"line":125,"column":26},"end":{"line":125,"column":67}},"55":{"start":{"line":126,"column":4},"end":{"line":126,"column":70}},"56":{"start":{"line":126,"column":27},"end":{"line":126,"column":70}},"57":{"start":{"line":127,"column":4},"end":{"line":127,"column":55}},"58":{"start":{"line":127,"column":22},"end":{"line":127,"column":55}},"59":{"start":{"line":128,"column":4},"end":{"line":128,"column":64}},"60":{"start":{"line":128,"column":25},"end":{"line":128,"column":64}},"61":{"start":{"line":129,"column":4},"end":{"line":130,"column":61}},"62":{"start":{"line":130,"column":6},"end":{"line":130,"column":61}},"63":{"start":{"line":132,"column":4},"end":{"line":134,"column":5}},"64":{"start":{"line":133,"column":6},"end":{"line":133,"column":56}},"65":{"start":{"line":136,"column":4},"end":{"line":136,"column":30}},"66":{"start":{"line":137,"column":4},"end":{"line":137,"column":74}},"67":{"start":{"line":137,"column":26},"end":{"line":137,"column":74}},"68":{"start":{"line":138,"column":4},"end":{"line":138,"column":74}},"69":{"start":{"line":138,"column":26},"end":{"line":138,"column":74}},"70":{"start":{"line":139,"column":4},"end":{"line":139,"column":77}},"71":{"start":{"line":139,"column":27},"end":{"line":139,"column":77}},"72":{"start":{"line":140,"column":4},"end":{"line":140,"column":77}},"73":{"start":{"line":140,"column":27},"end":{"line":140,"column":77}},"74":{"start":{"line":141,"column":4},"end":{"line":141,"column":80}},"75":{"start":{"line":141,"column":28},"end":{"line":141,"column":80}},"76":{"start":{"line":143,"column":4},"end":{"line":165,"column":7}},"77":{"start":{"line":144,"column":6},"end":{"line":164,"column":7}},"78":{"start":{"line":146,"column":8},"end":{"line":150,"column":45}},"79":{"start":{"line":150,"column":26},"end":{"line":150,"column":43}},"80":{"start":{"line":155,"column":8},"end":{"line":163,"column":11}},"81":{"start":{"line":156,"column":10},"end":{"line":159,"column":11}},"82":{"start":{"line":157,"column":12},"end":{"line":157,"column":56}},"83":{"start":{"line":158,"column":12},"end":{"line":158,"column":41}},"84":{"start":{"line":162,"column":10},"end":{"line":162,"column":79}},"85":{"start":{"line":162,"column":60},"end":{"line":162,"column":77}},"86":{"start":{"line":172,"column":0},"end":{"line":201,"column":2}},"87":{"start":{"line":176,"column":32},"end":{"line":176,"column":65}},"88":{"start":{"line":179,"column":4},"end":{"line":182,"column":5}},"89":{"start":{"line":181,"column":6},"end":{"line":181,"column":42}},"90":{"start":{"line":184,"column":4},"end":{"line":199,"column":7}},"91":{"start":{"line":185,"column":21},"end":{"line":193,"column":7}},"92":{"start":{"line":196,"column":6},"end":{"line":196,"column":41}},"93":{"start":{"line":198,"column":6},"end":{"line":198,"column":56}},"94":{"start":{"line":198,"column":37},"end":{"line":198,"column":54}},"95":{"start":{"line":206,"column":0},"end":{"line":235,"column":2}},"96":{"start":{"line":210,"column":32},"end":{"line":210,"column":64}},"97":{"start":{"line":213,"column":4},"end":{"line":216,"column":5}},"98":{"start":{"line":215,"column":6},"end":{"line":215,"column":42}},"99":{"start":{"line":218,"column":4},"end":{"line":233,"column":7}},"100":{"start":{"line":219,"column":21},"end":{"line":227,"column":7}},"101":{"start":{"line":230,"column":6},"end":{"line":230,"column":40}},"102":{"start":{"line":232,"column":6},"end":{"line":232,"column":56}},"103":{"start":{"line":232,"column":37},"end":{"line":232,"column":54}},"104":{"start":{"line":240,"column":0},"end":{"line":259,"column":2}},"105":{"start":{"line":244,"column":4},"end":{"line":257,"column":47}},"106":{"start":{"line":247,"column":28},"end":{"line":249,"column":37}},"107":{"start":{"line":248,"column":23},"end":{"line":248,"column":30}},"108":{"start":{"line":252,"column":8},"end":{"line":252,"column":50}},"109":{"start":{"line":255,"column":8},"end":{"line":255,"column":58}},"110":{"start":{"line":255,"column":39},"end":{"line":255,"column":56}},"111":{"start":{"line":257,"column":20},"end":{"line":257,"column":45}},"112":{"start":{"line":264,"column":0},"end":{"line":283,"column":2}},"113":{"start":{"line":268,"column":4},"end":{"line":281,"column":47}},"114":{"start":{"line":271,"column":28},"end":{"line":273,"column":37}},"115":{"start":{"line":272,"column":23},"end":{"line":272,"column":30}},"116":{"start":{"line":276,"column":8},"end":{"line":276,"column":49}},"117":{"start":{"line":279,"column":8},"end":{"line":279,"column":58}},"118":{"start":{"line":279,"column":39},"end":{"line":279,"column":56}},"119":{"start":{"line":281,"column":20},"end":{"line":281,"column":45}},"120":{"start":{"line":288,"column":0},"end":{"line":298,"column":2}},"121":{"start":{"line":292,"column":4},"end":{"line":296,"column":7}},"122":{"start":{"line":293,"column":6},"end":{"line":295,"column":9}},"123":{"start":{"line":294,"column":8},"end":{"line":294,"column":36}},"124":{"start":{"line":300,"column":0},"end":{"line":300,"column":24}}},"fnMap":{"0":{"name":"(anonymous_0)","decl":{"start":{"line":20,"column":20},"end":{"line":20,"column":21}},"loc":{"start":{"line":20,"column":34},"end":{"line":22,"column":1}},"line":20},"1":{"name":"(anonymous_1)","decl":{"start":{"line":30,"column":2},"end":{"line":30,"column":3}},"loc":{"start":{"line":30,"column":16},"end":{"line":43,"column":3}},"line":30},"2":{"name":"(anonymous_2)","decl":{"start":{"line":35,"column":12},"end":{"line":35,"column":13}},"loc":{"start":{"line":35,"column":23},"end":{"line":41,"column":7}},"line":35},"3":{"name":"(anonymous_3)","decl":{"start":{"line":42,"column":13},"end":{"line":42,"column":14}},"loc":{"start":{"line":42,"column":20},"end":{"line":42,"column":45}},"line":42},"4":{"name":"(anonymous_4)","decl":{"start":{"line":49,"column":19},"end":{"line":49,"column":20}},"loc":{"start":{"line":49,"column":33},"end":{"line":63,"column":1}},"line":49},"5":{"name":"(anonymous_5)","decl":{"start":{"line":54,"column":10},"end":{"line":54,"column":11}},"loc":{"start":{"line":54,"column":22},"end":{"line":61,"column":5}},"line":54},"6":{"name":"(anonymous_6)","decl":{"start":{"line":62,"column":11},"end":{"line":62,"column":12}},"loc":{"start":{"line":62,"column":18},"end":{"line":62,"column":76}},"line":62},"7":{"name":"(anonymous_7)","decl":{"start":{"line":68,"column":30},"end":{"line":68,"column":31}},"loc":{"start":{"line":68,"column":44},"end":{"line":82,"column":1}},"line":68},"8":{"name":"(anonymous_8)","decl":{"start":{"line":73,"column":10},"end":{"line":73,"column":11}},"loc":{"start":{"line":73,"column":21},"end":{"line":80,"column":5}},"line":73},"9":{"name":"(anonymous_9)","decl":{"start":{"line":81,"column":11},"end":{"line":81,"column":12}},"loc":{"start":{"line":81,"column":18},"end":{"line":81,"column":43}},"line":81},"10":{"name":"(anonymous_10)","decl":{"start":{"line":87,"column":29},"end":{"line":87,"column":30}},"loc":{"start":{"line":87,"column":43},"end":{"line":103,"column":1}},"line":87},"11":{"name":"(anonymous_11)","decl":{"start":{"line":92,"column":10},"end":{"line":92,"column":11}},"loc":{"start":{"line":92,"column":21},"end":{"line":99,"column":5}},"line":92},"12":{"name":"(anonymous_12)","decl":{"start":{"line":100,"column":11},"end":{"line":100,"column":12}},"loc":{"start":{"line":101,"column":6},"end":{"line":101,"column":76}},"line":101},"13":{"name":"(anonymous_13)","decl":{"start":{"line":111,"column":2},"end":{"line":111,"column":3}},"loc":{"start":{"line":111,"column":16},"end":{"line":166,"column":3}},"line":111},"14":{"name":"(anonymous_14)","decl":{"start":{"line":143,"column":48},"end":{"line":143,"column":49}},"loc":{"start":{"line":143,"column":59},"end":{"line":165,"column":5}},"line":143},"15":{"name":"(anonymous_15)","decl":{"start":{"line":150,"column":15},"end":{"line":150,"column":16}},"loc":{"start":{"line":150,"column":26},"end":{"line":150,"column":43}},"line":150},"16":{"name":"(anonymous_16)","decl":{"start":{"line":155,"column":63},"end":{"line":155,"column":64}},"loc":{"start":{"line":155,"column":74},"end":{"line":163,"column":9}},"line":155},"17":{"name":"(anonymous_17)","decl":{"start":{"line":162,"column":49},"end":{"line":162,"column":50}},"loc":{"start":{"line":162,"column":60},"end":{"line":162,"column":77}},"line":162},"18":{"name":"(anonymous_18)","decl":{"start":{"line":175,"column":2},"end":{"line":175,"column":3}},"loc":{"start":{"line":175,"column":16},"end":{"line":200,"column":3}},"line":175},"19":{"name":"(anonymous_19)","decl":{"start":{"line":184,"column":48},"end":{"line":184,"column":49}},"loc":{"start":{"line":184,"column":59},"end":{"line":199,"column":5}},"line":184},"20":{"name":"(anonymous_20)","decl":{"start":{"line":198,"column":26},"end":{"line":198,"column":27}},"loc":{"start":{"line":198,"column":37},"end":{"line":198,"column":54}},"line":198},"21":{"name":"(anonymous_21)","decl":{"start":{"line":209,"column":2},"end":{"line":209,"column":3}},"loc":{"start":{"line":209,"column":16},"end":{"line":234,"column":3}},"line":209},"22":{"name":"(anonymous_22)","decl":{"start":{"line":218,"column":48},"end":{"line":218,"column":49}},"loc":{"start":{"line":218,"column":59},"end":{"line":233,"column":5}},"line":218},"23":{"name":"(anonymous_23)","decl":{"start":{"line":232,"column":26},"end":{"line":232,"column":27}},"loc":{"start":{"line":232,"column":37},"end":{"line":232,"column":54}},"line":232},"24":{"name":"(anonymous_24)","decl":{"start":{"line":243,"column":2},"end":{"line":243,"column":3}},"loc":{"start":{"line":243,"column":16},"end":{"line":258,"column":3}},"line":243},"25":{"name":"(anonymous_25)","decl":{"start":{"line":245,"column":12},"end":{"line":245,"column":13}},"loc":{"start":{"line":245,"column":23},"end":{"line":256,"column":7}},"line":245},"26":{"name":"(anonymous_26)","decl":{"start":{"line":248,"column":15},"end":{"line":248,"column":16}},"loc":{"start":{"line":248,"column":23},"end":{"line":248,"column":30}},"line":248},"27":{"name":"(anonymous_27)","decl":{"start":{"line":255,"column":28},"end":{"line":255,"column":29}},"loc":{"start":{"line":255,"column":39},"end":{"line":255,"column":56}},"line":255},"28":{"name":"(anonymous_28)","decl":{"start":{"line":257,"column":13},"end":{"line":257,"column":14}},"loc":{"start":{"line":257,"column":20},"end":{"line":257,"column":45}},"line":257},"29":{"name":"(anonymous_29)","decl":{"start":{"line":267,"column":2},"end":{"line":267,"column":3}},"loc":{"start":{"line":267,"column":16},"end":{"line":282,"column":3}},"line":267},"30":{"name":"(anonymous_30)","decl":{"start":{"line":269,"column":12},"end":{"line":269,"column":13}},"loc":{"start":{"line":269,"column":23},"end":{"line":280,"column":7}},"line":269},"31":{"name":"(anonymous_31)","decl":{"start":{"line":272,"column":15},"end":{"line":272,"column":16}},"loc":{"start":{"line":272,"column":23},"end":{"line":272,"column":30}},"line":272},"32":{"name":"(anonymous_32)","decl":{"start":{"line":279,"column":28},"end":{"line":279,"column":29}},"loc":{"start":{"line":279,"column":39},"end":{"line":279,"column":56}},"line":279},"33":{"name":"(anonymous_33)","decl":{"start":{"line":281,"column":13},"end":{"line":281,"column":14}},"loc":{"start":{"line":281,"column":20},"end":{"line":281,"column":45}},"line":281},"34":{"name":"(anonymous_34)","decl":{"start":{"line":291,"column":2},"end":{"line":291,"column":3}},"loc":{"start":{"line":291,"column":16},"end":{"line":297,"column":3}},"line":291},"35":{"name":"(anonymous_35)","decl":{"start":{"line":292,"column":57},"end":{"line":292,"column":58}},"loc":{"start":{"line":292,"column":63},"end":{"line":296,"column":5}},"line":292},"36":{"name":"(anonymous_36)","decl":{"start":{"line":293,"column":56},"end":{"line":293,"column":57}},"loc":{"start":{"line":293,"column":62},"end":{"line":295,"column":7}},"line":293}},"branchMap":{"0":{"loc":{"start":{"line":36,"column":8},"end":{"line":39,"column":9}},"type":"if","locations":[{"start":{"line":36,"column":8},"end":{"line":39,"column":9}},{"start":{"line":36,"column":8},"end":{"line":39,"column":9}}],"line":36},"1":{"loc":{"start":{"line":55,"column":6},"end":{"line":58,"column":7}},"type":"if","locations":[{"start":{"line":55,"column":6},"end":{"line":58,"column":7}},{"start":{"line":55,"column":6},"end":{"line":58,"column":7}}],"line":55},"2":{"loc":{"start":{"line":74,"column":6},"end":{"line":77,"column":7}},"type":"if","locations":[{"start":{"line":74,"column":6},"end":{"line":77,"column":7}},{"start":{"line":74,"column":6},"end":{"line":77,"column":7}}],"line":74},"3":{"loc":{"start":{"line":93,"column":6},"end":{"line":96,"column":7}},"type":"if","locations":[{"start":{"line":93,"column":6},"end":{"line":96,"column":7}},{"start":{"line":93,"column":6},"end":{"line":96,"column":7}}],"line":93},"4":{"loc":{"start":{"line":115,"column":4},"end":{"line":118,"column":5}},"type":"if","locations":[{"start":{"line":115,"column":4},"end":{"line":118,"column":5}},{"start":{"line":115,"column":4},"end":{"line":118,"column":5}}],"line":115},"5":{"loc":{"start":{"line":123,"column":4},"end":{"line":123,"column":64}},"type":"if","locations":[{"start":{"line":123,"column":4},"end":{"line":123,"column":64}},{"start":{"line":123,"column":4},"end":{"line":123,"column":64}}],"line":123},"6":{"loc":{"start":{"line":124,"column":4},"end":{"line":124,"column":67}},"type":"if","locations":[{"start":{"line":124,"column":4},"end":{"line":124,"column":67}},{"start":{"line":124,"column":4},"end":{"line":124,"column":67}}],"line":124},"7":{"loc":{"start":{"line":125,"column":4},"end":{"line":125,"column":67}},"type":"if","locations":[{"start":{"line":125,"column":4},"end":{"line":125,"column":67}},{"start":{"line":125,"column":4},"end":{"line":125,"column":67}}],"line":125},"8":{"loc":{"start":{"line":126,"column":4},"end":{"line":126,"column":70}},"type":"if","locations":[{"start":{"line":126,"column":4},"end":{"line":126,"column":70}},{"start":{"line":126,"column":4},"end":{"line":126,"column":70}}],"line":126},"9":{"loc":{"start":{"line":127,"column":4},"end":{"line":127,"column":55}},"type":"if","locations":[{"start":{"line":127,"column":4},"end":{"line":127,"column":55}},{"start":{"line":127,"column":4},"end":{"line":127,"column":55}}],"line":127},"10":{"loc":{"start":{"line":128,"column":4},"end":{"line":128,"column":64}},"type":"if","locations":[{"start":{"line":128,"column":4},"end":{"line":128,"column":64}},{"start":{"line":128,"column":4},"end":{"line":128,"column":64}}],"line":128},"11":{"loc":{"start":{"line":129,"column":4},"end":{"line":130,"column":61}},"type":"if","locations":[{"start":{"line":129,"column":4},"end":{"line":130,"column":61}},{"start":{"line":129,"column":4},"end":{"line":130,"column":61}}],"line":129},"12":{"loc":{"start":{"line":132,"column":4},"end":{"line":134,"column":5}},"type":"if","locations":[{"start":{"line":132,"column":4},"end":{"line":134,"column":5}},{"start":{"line":132,"column":4},"end":{"line":134,"column":5}}],"line":132},"13":{"loc":{"start":{"line":137,"column":4},"end":{"line":137,"column":74}},"type":"if","locations":[{"start":{"line":137,"column":4},"end":{"line":137,"column":74}},{"start":{"line":137,"column":4},"end":{"line":137,"column":74}}],"line":137},"14":{"loc":{"start":{"line":138,"column":4},"end":{"line":138,"column":74}},"type":"if","locations":[{"start":{"line":138,"column":4},"end":{"line":138,"column":74}},{"start":{"line":138,"column":4},"end":{"line":138,"column":74}}],"line":138},"15":{"loc":{"start":{"line":139,"column":4},"end":{"line":139,"column":77}},"type":"if","locations":[{"start":{"line":139,"column":4},"end":{"line":139,"column":77}},{"start":{"line":139,"column":4},"end":{"line":139,"column":77}}],"line":139},"16":{"loc":{"start":{"line":140,"column":4},"end":{"line":140,"column":77}},"type":"if","locations":[{"start":{"line":140,"column":4},"end":{"line":140,"column":77}},{"start":{"line":140,"column":4},"end":{"line":140,"column":77}}],"line":140},"17":{"loc":{"start":{"line":141,"column":4},"end":{"line":141,"column":80}},"type":"if","locations":[{"start":{"line":141,"column":4},"end":{"line":141,"column":80}},{"start":{"line":141,"column":4},"end":{"line":141,"column":80}}],"line":141},"18":{"loc":{"start":{"line":144,"column":6},"end":{"line":164,"column":7}},"type":"if","locations":[{"start":{"line":144,"column":6},"end":{"line":164,"column":7}},{"start":{"line":144,"column":6},"end":{"line":164,"column":7}}],"line":144},"19":{"loc":{"start":{"line":156,"column":10},"end":{"line":159,"column":11}},"type":"if","locations":[{"start":{"line":156,"column":10},"end":{"line":159,"column":11}},{"start":{"line":156,"column":10},"end":{"line":159,"column":11}}],"line":156},"20":{"loc":{"start":{"line":179,"column":4},"end":{"line":182,"column":5}},"type":"if","locations":[{"start":{"line":179,"column":4},"end":{"line":182,"column":5}},{"start":{"line":179,"column":4},"end":{"line":182,"column":5}}],"line":179},"21":{"loc":{"start":{"line":213,"column":4},"end":{"line":216,"column":5}},"type":"if","locations":[{"start":{"line":213,"column":4},"end":{"line":216,"column":5}},{"start":{"line":213,"column":4},"end":{"line":216,"column":5}}],"line":213}},"s":{"0":4,"1":4,"2":4,"3":4,"4":4,"5":4,"6":4,"7":4,"8":4,"9":4,"10":0,"11":4,"12":2,"13":2,"14":2,"15":0,"16":0,"17":2,"18":0,"19":4,"20":2,"21":2,"22":2,"23":0,"24":0,"25":2,"26":0,"27":4,"28":2,"29":2,"30":2,"31":0,"32":0,"33":2,"34":0,"35":4,"36":2,"37":2,"38":2,"39":0,"40":0,"41":2,"42":0,"43":4,"44":18,"45":18,"46":0,"47":18,"48":18,"49":18,"50":18,"51":18,"52":18,"53":18,"54":18,"55":18,"56":18,"57":18,"58":18,"59":18,"60":18,"61":18,"62":18,"63":18,"64":18,"65":18,"66":18,"67":18,"68":18,"69":18,"70":18,"71":18,"72":18,"73":18,"74":18,"75":18,"76":18,"77":18,"78":2,"79":2,"80":16,"81":16,"82":0,"83":0,"84":16,"85":16,"86":4,"87":2,"88":2,"89":0,"90":2,"91":2,"92":2,"93":2,"94":2,"95":4,"96":2,"97":2,"98":0,"99":2,"100":2,"101":2,"102":2,"103":2,"104":4,"105":2,"106":2,"107":2,"108":2,"109":2,"110":2,"111":0,"112":4,"113":2,"114":2,"115":2,"116":2,"117":2,"118":2,"119":0,"120":4,"121":2,"122":2,"123":2,"124":4},"f":{"0":0,"1":2,"2":2,"3":0,"4":2,"5":2,"6":0,"7":2,"8":2,"9":0,"10":2,"11":2,"12":0,"13":18,"14":18,"15":2,"16":16,"17":16,"18":2,"19":2,"20":2,"21":2,"22":2,"23":2,"24":2,"25":2,"26":2,"27":2,"28":0,"29":2,"30":2,"31":2,"32":2,"33":0,"34":2,"35":2,"36":2},"b":{"0":[0,2],"1":[0,2],"2":[0,2],"3":[0,2],"4":[0,18],"5":[18,0],"6":[18,0],"7":[18,0],"8":[18,0],"9":[18,0],"10":[18,0],"11":[18,0],"12":[18,0],"13":[18,0],"14":[18,0],"15":[18,0],"16":[18,0],"17":[18,0],"18":[2,16],"19":[0,16],"20":[0,2],"21":[0,2]},"_coverageSchema":"43e27e138ebf9cfc5966b082cf9a028302ed4184","hash":"d1072f15430b48d7c6c1900db6324699f5ffe35d"}
,"/Users/rendell/Documents/nodejs/devconnector/routes/api/users.js": {"path":"/Users/rendell/Documents/nodejs/devconnector/routes/api/users.js","statementMap":{"0":{"start":{"line":1,"column":16},"end":{"line":1,"column":34}},"1":{"start":{"line":2,"column":15},"end":{"line":2,"column":31}},"2":{"start":{"line":3,"column":17},"end":{"line":3,"column":36}},"3":{"start":{"line":4,"column":15},"end":{"line":4,"column":34}},"4":{"start":{"line":5,"column":12},"end":{"line":5,"column":35}},"5":{"start":{"line":6,"column":13},"end":{"line":6,"column":41}},"6":{"start":{"line":7,"column":17},"end":{"line":7,"column":36}},"7":{"start":{"line":10,"column":30},"end":{"line":10,"column":66}},"8":{"start":{"line":11,"column":27},"end":{"line":11,"column":60}},"9":{"start":{"line":14,"column":13},"end":{"line":14,"column":41}},"10":{"start":{"line":19,"column":0},"end":{"line":21,"column":3}},"11":{"start":{"line":20,"column":2},"end":{"line":20,"column":29}},"12":{"start":{"line":26,"column":0},"end":{"line":68,"column":3}},"13":{"start":{"line":27,"column":30},"end":{"line":27,"column":61}},"14":{"start":{"line":30,"column":2},"end":{"line":32,"column":3}},"15":{"start":{"line":31,"column":4},"end":{"line":31,"column":40}},"16":{"start":{"line":34,"column":2},"end":{"line":67,"column":5}},"17":{"start":{"line":35,"column":4},"end":{"line":66,"column":5}},"18":{"start":{"line":36,"column":6},"end":{"line":36,"column":44}},"19":{"start":{"line":37,"column":6},"end":{"line":37,"column":42}},"20":{"start":{"line":39,"column":21},"end":{"line":43,"column":8}},"21":{"start":{"line":45,"column":22},"end":{"line":50,"column":8}},"22":{"start":{"line":52,"column":6},"end":{"line":65,"column":9}},"23":{"start":{"line":53,"column":8},"end":{"line":64,"column":11}},"24":{"start":{"line":54,"column":10},"end":{"line":54,"column":29}},"25":{"start":{"line":54,"column":19},"end":{"line":54,"column":29}},"26":{"start":{"line":55,"column":10},"end":{"line":55,"column":34}},"27":{"start":{"line":56,"column":10},"end":{"line":63,"column":15}},"28":{"start":{"line":59,"column":14},"end":{"line":59,"column":29}},"29":{"start":{"line":62,"column":14},"end":{"line":62,"column":31}},"30":{"start":{"line":73,"column":0},"end":{"line":121,"column":3}},"31":{"start":{"line":74,"column":30},"end":{"line":74,"column":58}},"32":{"start":{"line":77,"column":2},"end":{"line":79,"column":3}},"33":{"start":{"line":78,"column":4},"end":{"line":78,"column":40}},"34":{"start":{"line":81,"column":16},"end":{"line":81,"column":30}},"35":{"start":{"line":82,"column":19},"end":{"line":82,"column":36}},"36":{"start":{"line":85,"column":2},"end":{"line":120,"column":5}},"37":{"start":{"line":87,"column":4},"end":{"line":90,"column":5}},"38":{"start":{"line":88,"column":6},"end":{"line":88,"column":38}},"39":{"start":{"line":89,"column":6},"end":{"line":89,"column":42}},"40":{"start":{"line":93,"column":4},"end":{"line":119,"column":7}},"41":{"start":{"line":94,"column":6},"end":{"line":118,"column":7}},"42":{"start":{"line":97,"column":24},"end":{"line":101,"column":9}},"43":{"start":{"line":104,"column":8},"end":{"line":114,"column":10}},"44":{"start":{"line":109,"column":12},"end":{"line":112,"column":15}},"45":{"start":{"line":116,"column":8},"end":{"line":116,"column":47}},"46":{"start":{"line":117,"column":8},"end":{"line":117,"column":44}},"47":{"start":{"line":126,"column":0},"end":{"line":136,"column":2}},"48":{"start":{"line":130,"column":4},"end":{"line":134,"column":7}},"49":{"start":{"line":138,"column":0},"end":{"line":138,"column":24}}},"fnMap":{"0":{"name":"(anonymous_0)","decl":{"start":{"line":19,"column":20},"end":{"line":19,"column":21}},"loc":{"start":{"line":19,"column":34},"end":{"line":21,"column":1}},"line":19},"1":{"name":"(anonymous_1)","decl":{"start":{"line":26,"column":25},"end":{"line":26,"column":26}},"loc":{"start":{"line":26,"column":39},"end":{"line":68,"column":1}},"line":26},"2":{"name":"(anonymous_2)","decl":{"start":{"line":34,"column":47},"end":{"line":34,"column":48}},"loc":{"start":{"line":34,"column":55},"end":{"line":67,"column":3}},"line":34},"3":{"name":"(anonymous_3)","decl":{"start":{"line":52,"column":25},"end":{"line":52,"column":26}},"loc":{"start":{"line":52,"column":40},"end":{"line":65,"column":7}},"line":52},"4":{"name":"(anonymous_4)","decl":{"start":{"line":53,"column":44},"end":{"line":53,"column":45}},"loc":{"start":{"line":53,"column":59},"end":{"line":64,"column":9}},"line":53},"5":{"name":"(anonymous_5)","decl":{"start":{"line":58,"column":18},"end":{"line":58,"column":19}},"loc":{"start":{"line":58,"column":26},"end":{"line":60,"column":13}},"line":58},"6":{"name":"(anonymous_6)","decl":{"start":{"line":61,"column":19},"end":{"line":61,"column":20}},"loc":{"start":{"line":61,"column":26},"end":{"line":63,"column":13}},"line":61},"7":{"name":"(anonymous_7)","decl":{"start":{"line":73,"column":22},"end":{"line":73,"column":23}},"loc":{"start":{"line":73,"column":36},"end":{"line":121,"column":1}},"line":73},"8":{"name":"(anonymous_8)","decl":{"start":{"line":85,"column":31},"end":{"line":85,"column":32}},"loc":{"start":{"line":85,"column":39},"end":{"line":120,"column":3}},"line":85},"9":{"name":"(anonymous_9)","decl":{"start":{"line":93,"column":49},"end":{"line":93,"column":50}},"loc":{"start":{"line":93,"column":60},"end":{"line":119,"column":5}},"line":93},"10":{"name":"(anonymous_10)","decl":{"start":{"line":108,"column":10},"end":{"line":108,"column":11}},"loc":{"start":{"line":108,"column":26},"end":{"line":113,"column":11}},"line":108},"11":{"name":"(anonymous_11)","decl":{"start":{"line":129,"column":2},"end":{"line":129,"column":3}},"loc":{"start":{"line":129,"column":16},"end":{"line":135,"column":3}},"line":129}},"branchMap":{"0":{"loc":{"start":{"line":30,"column":2},"end":{"line":32,"column":3}},"type":"if","locations":[{"start":{"line":30,"column":2},"end":{"line":32,"column":3}},{"start":{"line":30,"column":2},"end":{"line":32,"column":3}}],"line":30},"1":{"loc":{"start":{"line":35,"column":4},"end":{"line":66,"column":5}},"type":"if","locations":[{"start":{"line":35,"column":4},"end":{"line":66,"column":5}},{"start":{"line":35,"column":4},"end":{"line":66,"column":5}}],"line":35},"2":{"loc":{"start":{"line":54,"column":10},"end":{"line":54,"column":29}},"type":"if","locations":[{"start":{"line":54,"column":10},"end":{"line":54,"column":29}},{"start":{"line":54,"column":10},"end":{"line":54,"column":29}}],"line":54},"3":{"loc":{"start":{"line":77,"column":2},"end":{"line":79,"column":3}},"type":"if","locations":[{"start":{"line":77,"column":2},"end":{"line":79,"column":3}},{"start":{"line":77,"column":2},"end":{"line":79,"column":3}}],"line":77},"4":{"loc":{"start":{"line":87,"column":4},"end":{"line":90,"column":5}},"type":"if","locations":[{"start":{"line":87,"column":4},"end":{"line":90,"column":5}},{"start":{"line":87,"column":4},"end":{"line":90,"column":5}}],"line":87},"5":{"loc":{"start":{"line":94,"column":6},"end":{"line":118,"column":7}},"type":"if","locations":[{"start":{"line":94,"column":6},"end":{"line":118,"column":7}},{"start":{"line":94,"column":6},"end":{"line":118,"column":7}}],"line":94}},"s":{"0":4,"1":4,"2":4,"3":4,"4":4,"5":4,"6":4,"7":4,"8":4,"9":4,"10":4,"11":0,"12":4,"13":27,"14":27,"15":0,"16":27,"17":27,"18":0,"19":0,"20":27,"21":27,"22":27,"23":27,"24":27,"25":0,"26":27,"27":27,"28":27,"29":0,"30":4,"31":25,"32":25,"33":0,"34":25,"35":25,"36":25,"37":25,"38":0,"39":0,"40":25,"41":25,"42":25,"43":25,"44":25,"45":0,"46":0,"47":4,"48":1,"49":4},"f":{"0":0,"1":27,"2":27,"3":27,"4":27,"5":27,"6":0,"7":25,"8":25,"9":25,"10":25,"11":1},"b":{"0":[0,27],"1":[0,27],"2":[0,27],"3":[0,25],"4":[0,25],"5":[25,0]},"_coverageSchema":"43e27e138ebf9cfc5966b082cf9a028302ed4184","hash":"3a5d1384009eebaaa1981c34f86c15b027ecb287"}
,"/Users/rendell/Documents/nodejs/devconnector/tests/postsTestUtils.js": {"path":"/Users/rendell/Documents/nodejs/devconnector/tests/postsTestUtils.js","statementMap":{"0":{"start":{"line":1,"column":16},"end":{"line":1,"column":36}},"1":{"start":{"line":2,"column":12},"end":{"line":2,"column":29}},"2":{"start":{"line":4,"column":0},"end":{"line":12,"column":7}},"3":{"start":{"line":5,"column":2},"end":{"line":12,"column":6}},"4":{"start":{"line":14,"column":0},"end":{"line":20,"column":7}},"5":{"start":{"line":15,"column":2},"end":{"line":20,"column":6}},"6":{"start":{"line":22,"column":0},"end":{"line":31,"column":7}},"7":{"start":{"line":23,"column":2},"end":{"line":31,"column":6}}},"fnMap":{"0":{"name":"(anonymous_0)","decl":{"start":{"line":4,"column":19},"end":{"line":4,"column":20}},"loc":{"start":{"line":5,"column":2},"end":{"line":12,"column":6}},"line":5},"1":{"name":"(anonymous_1)","decl":{"start":{"line":14,"column":16},"end":{"line":14,"column":17}},"loc":{"start":{"line":15,"column":2},"end":{"line":20,"column":6}},"line":15},"2":{"name":"(anonymous_2)","decl":{"start":{"line":22,"column":21},"end":{"line":22,"column":22}},"loc":{"start":{"line":23,"column":2},"end":{"line":31,"column":6}},"line":23}},"branchMap":{},"s":{"0":1,"1":1,"2":1,"3":0,"4":1,"5":0,"6":1,"7":7},"f":{"0":0,"1":0,"2":7},"b":{},"_coverageSchema":"43e27e138ebf9cfc5966b082cf9a028302ed4184","hash":"89fb5ab5588aa9f77413ef1f538c49c901b50f6c"}
,"/Users/rendell/Documents/nodejs/devconnector/tests/profileTestsUtils.js": {"path":"/Users/rendell/Documents/nodejs/devconnector/tests/profileTestsUtils.js","statementMap":{"0":{"start":{"line":1,"column":16},"end":{"line":1,"column":36}},"1":{"start":{"line":2,"column":12},"end":{"line":2,"column":29}},"2":{"start":{"line":4,"column":0},"end":{"line":22,"column":7}},"3":{"start":{"line":5,"column":2},"end":{"line":22,"column":6}},"4":{"start":{"line":24,"column":0},"end":{"line":35,"column":7}},"5":{"start":{"line":25,"column":2},"end":{"line":35,"column":6}},"6":{"start":{"line":37,"column":0},"end":{"line":48,"column":7}},"7":{"start":{"line":38,"column":2},"end":{"line":48,"column":6}}},"fnMap":{"0":{"name":"(anonymous_0)","decl":{"start":{"line":4,"column":24},"end":{"line":4,"column":25}},"loc":{"start":{"line":5,"column":2},"end":{"line":22,"column":6}},"line":5},"1":{"name":"(anonymous_1)","decl":{"start":{"line":24,"column":24},"end":{"line":24,"column":25}},"loc":{"start":{"line":25,"column":2},"end":{"line":35,"column":6}},"line":25},"2":{"name":"(anonymous_2)","decl":{"start":{"line":37,"column":23},"end":{"line":37,"column":24}},"loc":{"start":{"line":38,"column":2},"end":{"line":48,"column":6}},"line":38}},"branchMap":{},"s":{"0":1,"1":1,"2":1,"3":8,"4":1,"5":1,"6":1,"7":1},"f":{"0":8,"1":1,"2":1},"b":{},"_coverageSchema":"43e27e138ebf9cfc5966b082cf9a028302ed4184","hash":"a87f98b152219379e787568cb230cc1a210fe776"}
,"/Users/rendell/Documents/nodejs/devconnector/tests/userTestsUtils.js": {"path":"/Users/rendell/Documents/nodejs/devconnector/tests/userTestsUtils.js","statementMap":{"0":{"start":{"line":1,"column":16},"end":{"line":1,"column":36}},"1":{"start":{"line":2,"column":12},"end":{"line":2,"column":29}},"2":{"start":{"line":4,"column":0},"end":{"line":12,"column":7}},"3":{"start":{"line":5,"column":2},"end":{"line":12,"column":6}},"4":{"start":{"line":14,"column":0},"end":{"line":20,"column":7}},"5":{"start":{"line":15,"column":2},"end":{"line":20,"column":6}}},"fnMap":{"0":{"name":"(anonymous_0)","decl":{"start":{"line":4,"column":19},"end":{"line":4,"column":20}},"loc":{"start":{"line":5,"column":2},"end":{"line":12,"column":6}},"line":5},"1":{"name":"(anonymous_1)","decl":{"start":{"line":14,"column":16},"end":{"line":14,"column":17}},"loc":{"start":{"line":15,"column":2},"end":{"line":20,"column":6}},"line":15}},"branchMap":{},"s":{"0":2,"1":2,"2":2,"3":15,"4":2,"5":15},"f":{"0":15,"1":15},"b":{},"_coverageSchema":"43e27e138ebf9cfc5966b082cf9a028302ed4184","hash":"366135d819711a5561245d63f64db8d2501458d8"}
,"/Users/rendell/Documents/nodejs/devconnector/validation/education.js": {"path":"/Users/rendell/Documents/nodejs/devconnector/validation/education.js","statementMap":{"0":{"start":{"line":1,"column":18},"end":{"line":1,"column":38}},"1":{"start":{"line":2,"column":16},"end":{"line":2,"column":37}},"2":{"start":{"line":4,"column":0},"end":{"line":32,"column":2}},"3":{"start":{"line":5,"column":15},"end":{"line":5,"column":17}},"4":{"start":{"line":7,"column":2},"end":{"line":7,"column":57}},"5":{"start":{"line":8,"column":2},"end":{"line":8,"column":57}},"6":{"start":{"line":9,"column":2},"end":{"line":9,"column":75}},"7":{"start":{"line":10,"column":2},"end":{"line":10,"column":51}},"8":{"start":{"line":12,"column":2},"end":{"line":14,"column":3}},"9":{"start":{"line":13,"column":4},"end":{"line":13,"column":46}},"10":{"start":{"line":16,"column":2},"end":{"line":18,"column":3}},"11":{"start":{"line":17,"column":4},"end":{"line":17,"column":46}},"12":{"start":{"line":20,"column":2},"end":{"line":22,"column":3}},"13":{"start":{"line":21,"column":4},"end":{"line":21,"column":60}},"14":{"start":{"line":24,"column":2},"end":{"line":26,"column":3}},"15":{"start":{"line":25,"column":4},"end":{"line":25,"column":47}},"16":{"start":{"line":28,"column":2},"end":{"line":31,"column":4}}},"fnMap":{"0":{"name":"validateEducationInput","decl":{"start":{"line":4,"column":26},"end":{"line":4,"column":48}},"loc":{"start":{"line":4,"column":55},"end":{"line":32,"column":1}},"line":4}},"branchMap":{"0":{"loc":{"start":{"line":7,"column":16},"end":{"line":7,"column":56}},"type":"cond-expr","locations":[{"start":{"line":7,"column":40},"end":{"line":7,"column":51}},{"start":{"line":7,"column":54},"end":{"line":7,"column":56}}],"line":7},"1":{"loc":{"start":{"line":8,"column":16},"end":{"line":8,"column":56}},"type":"cond-expr","locations":[{"start":{"line":8,"column":40},"end":{"line":8,"column":51}},{"start":{"line":8,"column":54},"end":{"line":8,"column":56}}],"line":8},"2":{"loc":{"start":{"line":9,"column":22},"end":{"line":9,"column":74}},"type":"cond-expr","locations":[{"start":{"line":9,"column":52},"end":{"line":9,"column":69}},{"start":{"line":9,"column":72},"end":{"line":9,"column":74}}],"line":9},"3":{"loc":{"start":{"line":10,"column":14},"end":{"line":10,"column":50}},"type":"cond-expr","locations":[{"start":{"line":10,"column":36},"end":{"line":10,"column":45}},{"start":{"line":10,"column":48},"end":{"line":10,"column":50}}],"line":10},"4":{"loc":{"start":{"line":12,"column":2},"end":{"line":14,"column":3}},"type":"if","locations":[{"start":{"line":12,"column":2},"end":{"line":14,"column":3}},{"start":{"line":12,"column":2},"end":{"line":14,"column":3}}],"line":12},"5":{"loc":{"start":{"line":16,"column":2},"end":{"line":18,"column":3}},"type":"if","locations":[{"start":{"line":16,"column":2},"end":{"line":18,"column":3}},{"start":{"line":16,"column":2},"end":{"line":18,"column":3}}],"line":16},"6":{"loc":{"start":{"line":20,"column":2},"end":{"line":22,"column":3}},"type":"if","locations":[{"start":{"line":20,"column":2},"end":{"line":22,"column":3}},{"start":{"line":20,"column":2},"end":{"line":22,"column":3}}],"line":20},"7":{"loc":{"start":{"line":24,"column":2},"end":{"line":26,"column":3}},"type":"if","locations":[{"start":{"line":24,"column":2},"end":{"line":26,"column":3}},{"start":{"line":24,"column":2},"end":{"line":26,"column":3}}],"line":24}},"s":{"0":4,"1":4,"2":4,"3":2,"4":2,"5":2,"6":2,"7":2,"8":2,"9":0,"10":2,"11":0,"12":2,"13":0,"14":2,"15":0,"16":2},"f":{"0":2},"b":{"0":[2,0],"1":[2,0],"2":[2,0],"3":[2,0],"4":[0,2],"5":[0,2],"6":[0,2],"7":[0,2]},"_coverageSchema":"43e27e138ebf9cfc5966b082cf9a028302ed4184","hash":"00335d6d08fb35d12f4c6ebc3d22a39a0eaf8187"}
,"/Users/rendell/Documents/nodejs/devconnector/validation/experience.js": {"path":"/Users/rendell/Documents/nodejs/devconnector/validation/experience.js","statementMap":{"0":{"start":{"line":1,"column":18},"end":{"line":1,"column":38}},"1":{"start":{"line":2,"column":16},"end":{"line":2,"column":37}},"2":{"start":{"line":4,"column":0},"end":{"line":27,"column":2}},"3":{"start":{"line":5,"column":15},"end":{"line":5,"column":17}},"4":{"start":{"line":7,"column":2},"end":{"line":7,"column":54}},"5":{"start":{"line":8,"column":2},"end":{"line":8,"column":60}},"6":{"start":{"line":9,"column":2},"end":{"line":9,"column":51}},"7":{"start":{"line":11,"column":2},"end":{"line":13,"column":3}},"8":{"start":{"line":12,"column":4},"end":{"line":12,"column":48}},"9":{"start":{"line":15,"column":2},"end":{"line":17,"column":3}},"10":{"start":{"line":16,"column":4},"end":{"line":16,"column":48}},"11":{"start":{"line":19,"column":2},"end":{"line":21,"column":3}},"12":{"start":{"line":20,"column":4},"end":{"line":20,"column":47}},"13":{"start":{"line":23,"column":2},"end":{"line":26,"column":4}}},"fnMap":{"0":{"name":"validateExperienceInput","decl":{"start":{"line":4,"column":26},"end":{"line":4,"column":49}},"loc":{"start":{"line":4,"column":56},"end":{"line":27,"column":1}},"line":4}},"branchMap":{"0":{"loc":{"start":{"line":7,"column":15},"end":{"line":7,"column":53}},"type":"cond-expr","locations":[{"start":{"line":7,"column":38},"end":{"line":7,"column":48}},{"start":{"line":7,"column":51},"end":{"line":7,"column":53}}],"line":7},"1":{"loc":{"start":{"line":8,"column":17},"end":{"line":8,"column":59}},"type":"cond-expr","locations":[{"start":{"line":8,"column":42},"end":{"line":8,"column":54}},{"start":{"line":8,"column":57},"end":{"line":8,"column":59}}],"line":8},"2":{"loc":{"start":{"line":9,"column":14},"end":{"line":9,"column":50}},"type":"cond-expr","locations":[{"start":{"line":9,"column":36},"end":{"line":9,"column":45}},{"start":{"line":9,"column":48},"end":{"line":9,"column":50}}],"line":9},"3":{"loc":{"start":{"line":11,"column":2},"end":{"line":13,"column":3}},"type":"if","locations":[{"start":{"line":11,"column":2},"end":{"line":13,"column":3}},{"start":{"line":11,"column":2},"end":{"line":13,"column":3}}],"line":11},"4":{"loc":{"start":{"line":15,"column":2},"end":{"line":17,"column":3}},"type":"if","locations":[{"start":{"line":15,"column":2},"end":{"line":17,"column":3}},{"start":{"line":15,"column":2},"end":{"line":17,"column":3}}],"line":15},"5":{"loc":{"start":{"line":19,"column":2},"end":{"line":21,"column":3}},"type":"if","locations":[{"start":{"line":19,"column":2},"end":{"line":21,"column":3}},{"start":{"line":19,"column":2},"end":{"line":21,"column":3}}],"line":19}},"s":{"0":4,"1":4,"2":4,"3":2,"4":2,"5":2,"6":2,"7":2,"8":0,"9":2,"10":0,"11":2,"12":0,"13":2},"f":{"0":2},"b":{"0":[2,0],"1":[2,0],"2":[2,0],"3":[0,2],"4":[0,2],"5":[0,2]},"_coverageSchema":"43e27e138ebf9cfc5966b082cf9a028302ed4184","hash":"746b461f9fa08335edcc77be93366174ba8015fa"}
,"/Users/rendell/Documents/nodejs/devconnector/validation/is-empty.js": {"path":"/Users/rendell/Documents/nodejs/devconnector/validation/is-empty.js","statementMap":{"0":{"start":{"line":1,"column":16},"end":{"line":5,"column":58}},"1":{"start":{"line":2,"column":2},"end":{"line":5,"column":58}},"2":{"start":{"line":7,"column":0},"end":{"line":7,"column":25}}},"fnMap":{"0":{"name":"(anonymous_0)","decl":{"start":{"line":1,"column":16},"end":{"line":1,"column":17}},"loc":{"start":{"line":2,"column":2},"end":{"line":5,"column":58}},"line":2}},"branchMap":{"0":{"loc":{"start":{"line":2,"column":2},"end":{"line":5,"column":58}},"type":"binary-expr","locations":[{"start":{"line":2,"column":2},"end":{"line":2,"column":21}},{"start":{"line":3,"column":2},"end":{"line":3,"column":16}},{"start":{"line":4,"column":3},"end":{"line":4,"column":28}},{"start":{"line":4,"column":32},"end":{"line":4,"column":63}},{"start":{"line":5,"column":3},"end":{"line":5,"column":28}},{"start":{"line":5,"column":32},"end":{"line":5,"column":57}}],"line":2}},"s":{"0":4,"1":426,"2":4},"f":{"0":426},"b":{"0":[426,426,426,83,343,343]},"_coverageSchema":"43e27e138ebf9cfc5966b082cf9a028302ed4184","hash":"8d1b2b108bea086bbd9edd41e31613a3ca8247c8"}
,"/Users/rendell/Documents/nodejs/devconnector/validation/login.js": {"path":"/Users/rendell/Documents/nodejs/devconnector/validation/login.js","statementMap":{"0":{"start":{"line":1,"column":18},"end":{"line":1,"column":38}},"1":{"start":{"line":2,"column":16},"end":{"line":2,"column":37}},"2":{"start":{"line":4,"column":0},"end":{"line":26,"column":2}},"3":{"start":{"line":5,"column":15},"end":{"line":5,"column":17}},"4":{"start":{"line":7,"column":2},"end":{"line":7,"column":54}},"5":{"start":{"line":8,"column":2},"end":{"line":8,"column":63}},"6":{"start":{"line":10,"column":2},"end":{"line":12,"column":3}},"7":{"start":{"line":11,"column":4},"end":{"line":11,"column":44}},"8":{"start":{"line":14,"column":2},"end":{"line":16,"column":3}},"9":{"start":{"line":15,"column":4},"end":{"line":15,"column":45}},"10":{"start":{"line":18,"column":2},"end":{"line":20,"column":3}},"11":{"start":{"line":19,"column":4},"end":{"line":19,"column":51}},"12":{"start":{"line":22,"column":2},"end":{"line":25,"column":4}}},"fnMap":{"0":{"name":"validateLoginInput","decl":{"start":{"line":4,"column":26},"end":{"line":4,"column":44}},"loc":{"start":{"line":4,"column":51},"end":{"line":26,"column":1}},"line":4}},"branchMap":{"0":{"loc":{"start":{"line":7,"column":15},"end":{"line":7,"column":53}},"type":"cond-expr","locations":[{"start":{"line":7,"column":38},"end":{"line":7,"column":48}},{"start":{"line":7,"column":51},"end":{"line":7,"column":53}}],"line":7},"1":{"loc":{"start":{"line":8,"column":18},"end":{"line":8,"column":62}},"type":"cond-expr","locations":[{"start":{"line":8,"column":44},"end":{"line":8,"column":57}},{"start":{"line":8,"column":60},"end":{"line":8,"column":62}}],"line":8},"2":{"loc":{"start":{"line":10,"column":2},"end":{"line":12,"column":3}},"type":"if","locations":[{"start":{"line":10,"column":2},"end":{"line":12,"column":3}},{"start":{"line":10,"column":2},"end":{"line":12,"column":3}}],"line":10},"3":{"loc":{"start":{"line":14,"column":2},"end":{"line":16,"column":3}},"type":"if","locations":[{"start":{"line":14,"column":2},"end":{"line":16,"column":3}},{"start":{"line":14,"column":2},"end":{"line":16,"column":3}}],"line":14},"4":{"loc":{"start":{"line":18,"column":2},"end":{"line":20,"column":3}},"type":"if","locations":[{"start":{"line":18,"column":2},"end":{"line":20,"column":3}},{"start":{"line":18,"column":2},"end":{"line":20,"column":3}}],"line":18}},"s":{"0":4,"1":4,"2":4,"3":25,"4":25,"5":25,"6":25,"7":0,"8":25,"9":0,"10":25,"11":0,"12":25},"f":{"0":25},"b":{"0":[25,0],"1":[25,0],"2":[0,25],"3":[0,25],"4":[0,25]},"_coverageSchema":"43e27e138ebf9cfc5966b082cf9a028302ed4184","hash":"3ff827788c05d2d5ead899e9f7768cfb93f94898"}
,"/Users/rendell/Documents/nodejs/devconnector/validation/post.js": {"path":"/Users/rendell/Documents/nodejs/devconnector/validation/post.js","statementMap":{"0":{"start":{"line":1,"column":18},"end":{"line":1,"column":38}},"1":{"start":{"line":2,"column":16},"end":{"line":2,"column":37}},"2":{"start":{"line":4,"column":0},"end":{"line":21,"column":2}},"3":{"start":{"line":5,"column":15},"end":{"line":5,"column":17}},"4":{"start":{"line":7,"column":2},"end":{"line":7,"column":51}},"5":{"start":{"line":9,"column":2},"end":{"line":11,"column":3}},"6":{"start":{"line":10,"column":4},"end":{"line":10,"column":63}},"7":{"start":{"line":13,"column":2},"end":{"line":15,"column":3}},"8":{"start":{"line":14,"column":4},"end":{"line":14,"column":43}},"9":{"start":{"line":17,"column":2},"end":{"line":20,"column":4}}},"fnMap":{"0":{"name":"validatePostInput","decl":{"start":{"line":4,"column":26},"end":{"line":4,"column":43}},"loc":{"start":{"line":4,"column":50},"end":{"line":21,"column":1}},"line":4}},"branchMap":{"0":{"loc":{"start":{"line":7,"column":14},"end":{"line":7,"column":50}},"type":"cond-expr","locations":[{"start":{"line":7,"column":36},"end":{"line":7,"column":45}},{"start":{"line":7,"column":48},"end":{"line":7,"column":50}}],"line":7},"1":{"loc":{"start":{"line":9,"column":2},"end":{"line":11,"column":3}},"type":"if","locations":[{"start":{"line":9,"column":2},"end":{"line":11,"column":3}},{"start":{"line":9,"column":2},"end":{"line":11,"column":3}}],"line":9},"2":{"loc":{"start":{"line":13,"column":2},"end":{"line":15,"column":3}},"type":"if","locations":[{"start":{"line":13,"column":2},"end":{"line":15,"column":3}},{"start":{"line":13,"column":2},"end":{"line":15,"column":3}}],"line":13}},"s":{"0":4,"1":4,"2":4,"3":9,"4":9,"5":9,"6":0,"7":9,"8":0,"9":9},"f":{"0":9},"b":{"0":[9,0],"1":[0,9],"2":[0,9]},"_coverageSchema":"43e27e138ebf9cfc5966b082cf9a028302ed4184","hash":"f32a54958f8530e616a33b1d029130f580da203d"}
,"/Users/rendell/Documents/nodejs/devconnector/validation/profile.js": {"path":"/Users/rendell/Documents/nodejs/devconnector/validation/profile.js","statementMap":{"0":{"start":{"line":1,"column":18},"end":{"line":1,"column":38}},"1":{"start":{"line":2,"column":16},"end":{"line":2,"column":37}},"2":{"start":{"line":4,"column":0},"end":{"line":67,"column":2}},"3":{"start":{"line":5,"column":15},"end":{"line":5,"column":17}},"4":{"start":{"line":7,"column":2},"end":{"line":7,"column":57}},"5":{"start":{"line":8,"column":2},"end":{"line":8,"column":57}},"6":{"start":{"line":9,"column":2},"end":{"line":9,"column":57}},"7":{"start":{"line":11,"column":2},"end":{"line":13,"column":3}},"8":{"start":{"line":12,"column":4},"end":{"line":12,"column":65}},"9":{"start":{"line":15,"column":2},"end":{"line":17,"column":3}},"10":{"start":{"line":16,"column":4},"end":{"line":16,"column":49}},"11":{"start":{"line":19,"column":2},"end":{"line":21,"column":3}},"12":{"start":{"line":20,"column":4},"end":{"line":20,"column":47}},"13":{"start":{"line":23,"column":2},"end":{"line":25,"column":3}},"14":{"start":{"line":24,"column":4},"end":{"line":24,"column":47}},"15":{"start":{"line":27,"column":2},"end":{"line":31,"column":3}},"16":{"start":{"line":28,"column":4},"end":{"line":30,"column":5}},"17":{"start":{"line":29,"column":6},"end":{"line":29,"column":41}},"18":{"start":{"line":33,"column":2},"end":{"line":37,"column":3}},"19":{"start":{"line":34,"column":4},"end":{"line":36,"column":5}},"20":{"start":{"line":35,"column":6},"end":{"line":35,"column":41}},"21":{"start":{"line":39,"column":2},"end":{"line":43,"column":3}},"22":{"start":{"line":40,"column":4},"end":{"line":42,"column":5}},"23":{"start":{"line":41,"column":6},"end":{"line":41,"column":41}},"24":{"start":{"line":45,"column":2},"end":{"line":49,"column":3}},"25":{"start":{"line":46,"column":4},"end":{"line":48,"column":5}},"26":{"start":{"line":47,"column":6},"end":{"line":47,"column":42}},"27":{"start":{"line":51,"column":2},"end":{"line":55,"column":3}},"28":{"start":{"line":52,"column":4},"end":{"line":54,"column":5}},"29":{"start":{"line":53,"column":6},"end":{"line":53,"column":42}},"30":{"start":{"line":57,"column":2},"end":{"line":61,"column":3}},"31":{"start":{"line":58,"column":4},"end":{"line":60,"column":5}},"32":{"start":{"line":59,"column":6},"end":{"line":59,"column":43}},"33":{"start":{"line":63,"column":2},"end":{"line":66,"column":4}}},"fnMap":{"0":{"name":"validateProfileInput","decl":{"start":{"line":4,"column":26},"end":{"line":4,"column":46}},"loc":{"start":{"line":4,"column":53},"end":{"line":67,"column":1}},"line":4}},"branchMap":{"0":{"loc":{"start":{"line":7,"column":16},"end":{"line":7,"column":56}},"type":"cond-expr","locations":[{"start":{"line":7,"column":40},"end":{"line":7,"column":51}},{"start":{"line":7,"column":54},"end":{"line":7,"column":56}}],"line":7},"1":{"loc":{"start":{"line":8,"column":16},"end":{"line":8,"column":56}},"type":"cond-expr","locations":[{"start":{"line":8,"column":40},"end":{"line":8,"column":51}},{"start":{"line":8,"column":54},"end":{"line":8,"column":56}}],"line":8},"2":{"loc":{"start":{"line":9,"column":16},"end":{"line":9,"column":56}},"type":"cond-expr","locations":[{"start":{"line":9,"column":40},"end":{"line":9,"column":51}},{"start":{"line":9,"column":54},"end":{"line":9,"column":56}}],"line":9},"3":{"loc":{"start":{"line":11,"column":2},"end":{"line":13,"column":3}},"type":"if","locations":[{"start":{"line":11,"column":2},"end":{"line":13,"column":3}},{"start":{"line":11,"column":2},"end":{"line":13,"column":3}}],"line":11},"4":{"loc":{"start":{"line":15,"column":2},"end":{"line":17,"column":3}},"type":"if","locations":[{"start":{"line":15,"column":2},"end":{"line":17,"column":3}},{"start":{"line":15,"column":2},"end":{"line":17,"column":3}}],"line":15},"5":{"loc":{"start":{"line":19,"column":2},"end":{"line":21,"column":3}},"type":"if","locations":[{"start":{"line":19,"column":2},"end":{"line":21,"column":3}},{"start":{"line":19,"column":2},"end":{"line":21,"column":3}}],"line":19},"6":{"loc":{"start":{"line":23,"column":2},"end":{"line":25,"column":3}},"type":"if","locations":[{"start":{"line":23,"column":2},"end":{"line":25,"column":3}},{"start":{"line":23,"column":2},"end":{"line":25,"column":3}}],"line":23},"7":{"loc":{"start":{"line":27,"column":2},"end":{"line":31,"column":3}},"type":"if","locations":[{"start":{"line":27,"column":2},"end":{"line":31,"column":3}},{"start":{"line":27,"column":2},"end":{"line":31,"column":3}}],"line":27},"8":{"loc":{"start":{"line":28,"column":4},"end":{"line":30,"column":5}},"type":"if","locations":[{"start":{"line":28,"column":4},"end":{"line":30,"column":5}},{"start":{"line":28,"column":4},"end":{"line":30,"column":5}}],"line":28},"9":{"loc":{"start":{"line":33,"column":2},"end":{"line":37,"column":3}},"type":"if","locations":[{"start":{"line":33,"column":2},"end":{"line":37,"column":3}},{"start":{"line":33,"column":2},"end":{"line":37,"column":3}}],"line":33},"10":{"loc":{"start":{"line":34,"column":4},"end":{"line":36,"column":5}},"type":"if","locations":[{"start":{"line":34,"column":4},"end":{"line":36,"column":5}},{"start":{"line":34,"column":4},"end":{"line":36,"column":5}}],"line":34},"11":{"loc":{"start":{"line":39,"column":2},"end":{"line":43,"column":3}},"type":"if","locations":[{"start":{"line":39,"column":2},"end":{"line":43,"column":3}},{"start":{"line":39,"column":2},"end":{"line":43,"column":3}}],"line":39},"12":{"loc":{"start":{"line":40,"column":4},"end":{"line":42,"column":5}},"type":"if","locations":[{"start":{"line":40,"column":4},"end":{"line":42,"column":5}},{"start":{"line":40,"column":4},"end":{"line":42,"column":5}}],"line":40},"13":{"loc":{"start":{"line":45,"column":2},"end":{"line":49,"column":3}},"type":"if","locations":[{"start":{"line":45,"column":2},"end":{"line":49,"column":3}},{"start":{"line":45,"column":2},"end":{"line":49,"column":3}}],"line":45},"14":{"loc":{"start":{"line":46,"column":4},"end":{"line":48,"column":5}},"type":"if","locations":[{"start":{"line":46,"column":4},"end":{"line":48,"column":5}},{"start":{"line":46,"column":4},"end":{"line":48,"column":5}}],"line":46},"15":{"loc":{"start":{"line":51,"column":2},"end":{"line":55,"column":3}},"type":"if","locations":[{"start":{"line":51,"column":2},"end":{"line":55,"column":3}},{"start":{"line":51,"column":2},"end":{"line":55,"column":3}}],"line":51},"16":{"loc":{"start":{"line":52,"column":4},"end":{"line":54,"column":5}},"type":"if","locations":[{"start":{"line":52,"column":4},"end":{"line":54,"column":5}},{"start":{"line":52,"column":4},"end":{"line":54,"column":5}}],"line":52},"17":{"loc":{"start":{"line":57,"column":2},"end":{"line":61,"column":3}},"type":"if","locations":[{"start":{"line":57,"column":2},"end":{"line":61,"column":3}},{"start":{"line":57,"column":2},"end":{"line":61,"column":3}}],"line":57},"18":{"loc":{"start":{"line":58,"column":4},"end":{"line":60,"column":5}},"type":"if","locations":[{"start":{"line":58,"column":4},"end":{"line":60,"column":5}},{"start":{"line":58,"column":4},"end":{"line":60,"column":5}}],"line":58}},"s":{"0":4,"1":4,"2":4,"3":18,"4":18,"5":18,"6":18,"7":18,"8":0,"9":18,"10":0,"11":18,"12":0,"13":18,"14":0,"15":18,"16":18,"17":0,"18":18,"19":18,"20":0,"21":18,"22":18,"23":0,"24":18,"25":18,"26":0,"27":18,"28":18,"29":0,"30":18,"31":18,"32":0,"33":18},"f":{"0":18},"b":{"0":[18,0],"1":[18,0],"2":[18,0],"3":[0,18],"4":[0,18],"5":[0,18],"6":[0,18],"7":[18,0],"8":[0,18],"9":[18,0],"10":[0,18],"11":[18,0],"12":[0,18],"13":[18,0],"14":[0,18],"15":[18,0],"16":[0,18],"17":[18,0],"18":[0,18]},"_coverageSchema":"43e27e138ebf9cfc5966b082cf9a028302ed4184","hash":"7f2733cdefb830483ca384277e93da5287469168"}
,"/Users/rendell/Documents/nodejs/devconnector/validation/register.js": {"path":"/Users/rendell/Documents/nodejs/devconnector/validation/register.js","statementMap":{"0":{"start":{"line":1,"column":18},"end":{"line":1,"column":38}},"1":{"start":{"line":2,"column":16},"end":{"line":2,"column":37}},"2":{"start":{"line":4,"column":0},"end":{"line":48,"column":2}},"3":{"start":{"line":5,"column":15},"end":{"line":5,"column":17}},"4":{"start":{"line":7,"column":2},"end":{"line":7,"column":51}},"5":{"start":{"line":8,"column":2},"end":{"line":8,"column":54}},"6":{"start":{"line":9,"column":2},"end":{"line":9,"column":63}},"7":{"start":{"line":10,"column":2},"end":{"line":10,"column":66}},"8":{"start":{"line":12,"column":2},"end":{"line":14,"column":3}},"9":{"start":{"line":13,"column":4},"end":{"line":13,"column":61}},"10":{"start":{"line":16,"column":2},"end":{"line":18,"column":3}},"11":{"start":{"line":17,"column":4},"end":{"line":17,"column":43}},"12":{"start":{"line":20,"column":2},"end":{"line":22,"column":3}},"13":{"start":{"line":21,"column":4},"end":{"line":21,"column":45}},"14":{"start":{"line":24,"column":2},"end":{"line":26,"column":3}},"15":{"start":{"line":25,"column":4},"end":{"line":25,"column":44}},"16":{"start":{"line":28,"column":2},"end":{"line":30,"column":3}},"17":{"start":{"line":29,"column":4},"end":{"line":29,"column":51}},"18":{"start":{"line":32,"column":2},"end":{"line":34,"column":3}},"19":{"start":{"line":33,"column":4},"end":{"line":33,"column":63}},"20":{"start":{"line":36,"column":2},"end":{"line":38,"column":3}},"21":{"start":{"line":37,"column":4},"end":{"line":37,"column":60}},"22":{"start":{"line":40,"column":2},"end":{"line":42,"column":3}},"23":{"start":{"line":41,"column":4},"end":{"line":41,"column":46}},"24":{"start":{"line":44,"column":2},"end":{"line":47,"column":4}}},"fnMap":{"0":{"name":"validateRegisterInput","decl":{"start":{"line":4,"column":26},"end":{"line":4,"column":47}},"loc":{"start":{"line":4,"column":54},"end":{"line":48,"column":1}},"line":4}},"branchMap":{"0":{"loc":{"start":{"line":7,"column":14},"end":{"line":7,"column":50}},"type":"cond-expr","locations":[{"start":{"line":7,"column":36},"end":{"line":7,"column":45}},{"start":{"line":7,"column":48},"end":{"line":7,"column":50}}],"line":7},"1":{"loc":{"start":{"line":8,"column":15},"end":{"line":8,"column":53}},"type":"cond-expr","locations":[{"start":{"line":8,"column":38},"end":{"line":8,"column":48}},{"start":{"line":8,"column":51},"end":{"line":8,"column":53}}],"line":8},"2":{"loc":{"start":{"line":9,"column":18},"end":{"line":9,"column":62}},"type":"cond-expr","locations":[{"start":{"line":9,"column":44},"end":{"line":9,"column":57}},{"start":{"line":9,"column":60},"end":{"line":9,"column":62}}],"line":9},"3":{"loc":{"start":{"line":10,"column":19},"end":{"line":10,"column":65}},"type":"cond-expr","locations":[{"start":{"line":10,"column":46},"end":{"line":10,"column":60}},{"start":{"line":10,"column":63},"end":{"line":10,"column":65}}],"line":10},"4":{"loc":{"start":{"line":12,"column":2},"end":{"line":14,"column":3}},"type":"if","locations":[{"start":{"line":12,"column":2},"end":{"line":14,"column":3}},{"start":{"line":12,"column":2},"end":{"line":14,"column":3}}],"line":12},"5":{"loc":{"start":{"line":16,"column":2},"end":{"line":18,"column":3}},"type":"if","locations":[{"start":{"line":16,"column":2},"end":{"line":18,"column":3}},{"start":{"line":16,"column":2},"end":{"line":18,"column":3}}],"line":16},"6":{"loc":{"start":{"line":20,"column":2},"end":{"line":22,"column":3}},"type":"if","locations":[{"start":{"line":20,"column":2},"end":{"line":22,"column":3}},{"start":{"line":20,"column":2},"end":{"line":22,"column":3}}],"line":20},"7":{"loc":{"start":{"line":24,"column":2},"end":{"line":26,"column":3}},"type":"if","locations":[{"start":{"line":24,"column":2},"end":{"line":26,"column":3}},{"start":{"line":24,"column":2},"end":{"line":26,"column":3}}],"line":24},"8":{"loc":{"start":{"line":28,"column":2},"end":{"line":30,"column":3}},"type":"if","locations":[{"start":{"line":28,"column":2},"end":{"line":30,"column":3}},{"start":{"line":28,"column":2},"end":{"line":30,"column":3}}],"line":28},"9":{"loc":{"start":{"line":32,"column":2},"end":{"line":34,"column":3}},"type":"if","locations":[{"start":{"line":32,"column":2},"end":{"line":34,"column":3}},{"start":{"line":32,"column":2},"end":{"line":34,"column":3}}],"line":32},"10":{"loc":{"start":{"line":36,"column":2},"end":{"line":38,"column":3}},"type":"if","locations":[{"start":{"line":36,"column":2},"end":{"line":38,"column":3}},{"start":{"line":36,"column":2},"end":{"line":38,"column":3}}],"line":36},"11":{"loc":{"start":{"line":40,"column":2},"end":{"line":42,"column":3}},"type":"if","locations":[{"start":{"line":40,"column":2},"end":{"line":42,"column":3}},{"start":{"line":40,"column":2},"end":{"line":42,"column":3}}],"line":40}},"s":{"0":4,"1":4,"2":4,"3":27,"4":27,"5":27,"6":27,"7":27,"8":27,"9":0,"10":27,"11":0,"12":27,"13":0,"14":27,"15":0,"16":27,"17":0,"18":27,"19":0,"20":27,"21":0,"22":27,"23":0,"24":27},"f":{"0":27},"b":{"0":[27,0],"1":[27,0],"2":[27,0],"3":[27,0],"4":[0,27],"5":[0,27],"6":[0,27],"7":[0,27],"8":[0,27],"9":[0,27],"10":[0,27],"11":[0,27]},"_coverageSchema":"43e27e138ebf9cfc5966b082cf9a028302ed4184","hash":"d9a3e9f0960f53917e652737f3743b01bedec88d"}
}
