TN:
SF:/Users/rendell/Documents/nodejs/devconnector/app.js
FN:29,(anonymous_0)
FN:30,(anonymous_1)
FN:48,(anonymous_2)
FNF:3
FNH:1
FNDA:3,(anonymous_0)
FNDA:0,(anonymous_1)
FNDA:0,(anonymous_2)
DA:1,4
DA:2,4
DA:3,4
DA:4,4
DA:5,4
DA:7,4
DA:8,4
DA:9,4
DA:11,4
DA:14,4
DA:15,4
DA:18,4
DA:27,4
DA:29,3
DA:30,0
DA:33,4
DA:36,4
DA:39,4
DA:40,4
DA:41,4
DA:44,4
DA:46,0
DA:48,0
DA:49,0
DA:53,4
LF:25
LH:21
BRDA:44,0,0,0
BRDA:44,0,1,4
BRF:2
BRH:1
end_of_record
TN:
SF:/Users/rendell/Documents/nodejs/devconnector/config/keys.js
FNF:0
FNH:0
DA:1,4
DA:2,0
DA:4,4
LF:3
LH:2
BRDA:1,0,0,0
BRDA:1,0,1,4
BRF:2
BRH:1
end_of_record
TN:
SF:/Users/rendell/Documents/nodejs/devconnector/config/keys_dev.js
FNF:0
FNH:0
DA:1,4
LF:1
LH:1
BRF:0
BRH:0
end_of_record
TN:
SF:/Users/rendell/Documents/nodejs/devconnector/config/passport.js
FN:11,(anonymous_0)
FN:13,(anonymous_1)
FN:15,(anonymous_2)
FN:21,(anonymous_3)
FNF:4
FNH:3
FNDA:4,(anonymous_0)
FNDA:44,(anonymous_1)
FNDA:44,(anonymous_2)
FNDA:0,(anonymous_3)
DA:1,4
DA:2,4
DA:3,4
DA:4,4
DA:5,4
DA:7,4
DA:8,4
DA:9,4
DA:11,4
DA:12,4
DA:14,44
DA:16,44
DA:17,44
DA:19,0
DA:21,0
LF:15
LH:13
BRDA:16,0,0,44
BRDA:16,0,1,0
BRF:2
BRH:1
end_of_record
TN:
SF:/Users/rendell/Documents/nodejs/devconnector/models/Post.js
FNF:0
FNH:0
DA:1,4
DA:2,4
DA:5,4
DA:56,4
LF:4
LH:4
BRF:0
BRH:0
end_of_record
TN:
SF:/Users/rendell/Documents/nodejs/devconnector/models/Profile.js
FNF:0
FNH:0
DA:1,4
DA:2,4
DA:5,4
DA:120,4
LF:4
LH:4
BRF:0
BRH:0
end_of_record
TN:
SF:/Users/rendell/Documents/nodejs/devconnector/models/User.js
FNF:0
FNH:0
DA:1,4
DA:2,4
DA:5,4
DA:27,4
LF:4
LH:4
BRF:0
BRH:0
end_of_record
TN:
SF:/Users/rendell/Documents/nodejs/devconnector/routes/api/posts.js
FN:17,(anonymous_0)
FN:24,(anonymous_1)
FN:27,(anonymous_2)
FN:28,(anonymous_3)
FN:34,(anonymous_4)
FN:36,(anonymous_5)
FN:37,(anonymous_6)
FN:48,(anonymous_7)
FN:64,(anonymous_8)
FN:74,(anonymous_9)
FN:75,(anonymous_10)
FN:77,(anonymous_11)
FN:79,(anonymous_12)
FN:90,(anonymous_13)
FN:92,(anonymous_14)
FN:103,(anonymous_15)
FN:104,(anonymous_16)
FN:106,(anonymous_17)
FN:108,(anonymous_18)
FN:118,(anonymous_19)
FN:125,(anonymous_20)
FN:127,(anonymous_21)
FN:138,(anonymous_22)
FN:148,(anonymous_23)
FN:160,(anonymous_24)
FN:162,(anonymous_25)
FN:172,(anonymous_26)
FN:174,(anonymous_27)
FN:178,(anonymous_28)
FN:188,(anonymous_29)
FN:195,(anonymous_30)
FN:197,(anonymous_31)
FN:207,(anonymous_32)
FN:208,(anonymous_33)
FN:210,(anonymous_34)
FN:219,(anonymous_35)
FN:221,(anonymous_36)
FNF:37
FNH:28
FNDA:0,(anonymous_0)
FNDA:1,(anonymous_1)
FNDA:1,(anonymous_2)
FNDA:0,(anonymous_3)
FNDA:1,(anonymous_4)
FNDA:1,(anonymous_5)
FNDA:0,(anonymous_6)
FNDA:7,(anonymous_7)
FNDA:7,(anonymous_8)
FNDA:1,(anonymous_9)
FNDA:1,(anonymous_10)
FNDA:1,(anonymous_11)
FNDA:0,(anonymous_12)
FNDA:1,(anonymous_13)
FNDA:0,(anonymous_14)
FNDA:1,(anonymous_15)
FNDA:1,(anonymous_16)
FNDA:1,(anonymous_17)
FNDA:1,(anonymous_18)
FNDA:1,(anonymous_19)
FNDA:1,(anonymous_20)
FNDA:0,(anonymous_21)
FNDA:2,(anonymous_22)
FNDA:2,(anonymous_23)
FNDA:2,(anonymous_24)
FNDA:0,(anonymous_25)
FNDA:1,(anonymous_26)
FNDA:1,(anonymous_27)
FNDA:1,(anonymous_28)
FNDA:1,(anonymous_29)
FNDA:1,(anonymous_30)
FNDA:0,(anonymous_31)
FNDA:1,(anonymous_32)
FNDA:1,(anonymous_33)
FNDA:1,(anonymous_34)
FNDA:1,(anonymous_35)
FNDA:0,(anonymous_36)
DA:1,4
DA:2,4
DA:3,4
DA:4,4
DA:7,4
DA:9,4
DA:12,4
DA:17,4
DA:18,0
DA:24,4
DA:25,1
DA:27,1
DA:28,0
DA:34,4
DA:35,1
DA:36,1
DA:38,0
DA:45,4
DA:49,7
DA:52,7
DA:54,0
DA:57,7
DA:64,7
DA:71,4
DA:75,1
DA:76,1
DA:78,1
DA:79,0
DA:82,0
DA:88,1
DA:90,1
DA:92,0
DA:100,4
DA:104,1
DA:105,1
DA:107,1
DA:108,1
DA:111,0
DA:117,1
DA:118,1
DA:122,1
DA:125,1
DA:127,0
DA:135,4
DA:139,2
DA:142,2
DA:144,0
DA:147,2
DA:149,2
DA:157,2
DA:160,2
DA:162,0
DA:169,4
DA:173,1
DA:176,1
DA:178,1
DA:181,0
DA:187,1
DA:188,1
DA:192,1
DA:195,1
DA:197,0
DA:204,4
DA:208,1
DA:209,1
DA:212,1
DA:213,0
DA:219,1
DA:221,0
DA:226,4
LF:70
LH:55
BRDA:52,0,0,0
BRDA:52,0,1,7
BRDA:78,1,0,0
BRDA:78,1,1,1
BRDA:107,2,0,0
BRDA:107,2,1,1
BRDA:142,3,0,0
BRDA:142,3,1,2
BRDA:176,4,0,0
BRDA:176,4,1,1
BRDA:212,5,0,0
BRDA:212,5,1,1
BRF:12
BRH:6
end_of_record
TN:
SF:/Users/rendell/Documents/nodejs/devconnector/routes/api/profile.js
FN:20,(anonymous_0)
FN:30,(anonymous_1)
FN:35,(anonymous_2)
FN:42,(anonymous_3)
FN:49,(anonymous_4)
FN:54,(anonymous_5)
FN:62,(anonymous_6)
FN:68,(anonymous_7)
FN:73,(anonymous_8)
FN:81,(anonymous_9)
FN:87,(anonymous_10)
FN:92,(anonymous_11)
FN:100,(anonymous_12)
FN:111,(anonymous_13)
FN:143,(anonymous_14)
FN:150,(anonymous_15)
FN:155,(anonymous_16)
FN:162,(anonymous_17)
FN:175,(anonymous_18)
FN:184,(anonymous_19)
FN:198,(anonymous_20)
FN:209,(anonymous_21)
FN:218,(anonymous_22)
FN:232,(anonymous_23)
FN:243,(anonymous_24)
FN:245,(anonymous_25)
FN:248,(anonymous_26)
FN:255,(anonymous_27)
FN:257,(anonymous_28)
FN:267,(anonymous_29)
FN:269,(anonymous_30)
FN:272,(anonymous_31)
FN:279,(anonymous_32)
FN:281,(anonymous_33)
FN:291,(anonymous_34)
FN:292,(anonymous_35)
FN:293,(anonymous_36)
FNF:37
FNH:30
FNDA:0,(anonymous_0)
FNDA:2,(anonymous_1)
FNDA:2,(anonymous_2)
FNDA:0,(anonymous_3)
FNDA:2,(anonymous_4)
FNDA:2,(anonymous_5)
FNDA:0,(anonymous_6)
FNDA:2,(anonymous_7)
FNDA:2,(anonymous_8)
FNDA:0,(anonymous_9)
FNDA:2,(anonymous_10)
FNDA:2,(anonymous_11)
FNDA:0,(anonymous_12)
FNDA:18,(anonymous_13)
FNDA:18,(anonymous_14)
FNDA:2,(anonymous_15)
FNDA:16,(anonymous_16)
FNDA:16,(anonymous_17)
FNDA:2,(anonymous_18)
FNDA:2,(anonymous_19)
FNDA:2,(anonymous_20)
FNDA:2,(anonymous_21)
FNDA:2,(anonymous_22)
FNDA:2,(anonymous_23)
FNDA:2,(anonymous_24)
FNDA:2,(anonymous_25)
FNDA:2,(anonymous_26)
FNDA:2,(anonymous_27)
FNDA:0,(anonymous_28)
FNDA:2,(anonymous_29)
FNDA:2,(anonymous_30)
FNDA:2,(anonymous_31)
FNDA:2,(anonymous_32)
FNDA:0,(anonymous_33)
FNDA:2,(anonymous_34)
FNDA:2,(anonymous_35)
FNDA:2,(anonymous_36)
DA:1,4
DA:2,4
DA:3,4
DA:4,4
DA:7,4
DA:8,4
DA:9,4
DA:12,4
DA:15,4
DA:20,4
DA:21,0
DA:27,4
DA:31,2
DA:33,2
DA:36,2
DA:37,0
DA:38,0
DA:40,2
DA:42,0
DA:49,4
DA:50,2
DA:52,2
DA:55,2
DA:56,0
DA:57,0
DA:60,2
DA:62,0
DA:68,4
DA:69,2
DA:71,2
DA:74,2
DA:75,0
DA:76,0
DA:79,2
DA:81,0
DA:87,4
DA:88,2
DA:90,2
DA:93,2
DA:94,0
DA:95,0
DA:98,2
DA:101,0
DA:108,4
DA:112,18
DA:115,18
DA:117,0
DA:121,18
DA:122,18
DA:123,18
DA:124,18
DA:125,18
DA:126,18
DA:127,18
DA:128,18
DA:129,18
DA:130,18
DA:132,18
DA:133,18
DA:136,18
DA:137,18
DA:138,18
DA:139,18
DA:140,18
DA:141,18
DA:143,18
DA:144,18
DA:146,2
DA:150,2
DA:155,16
DA:156,16
DA:157,0
DA:158,0
DA:162,16
DA:172,4
DA:176,2
DA:179,2
DA:181,0
DA:184,2
DA:185,2
DA:196,2
DA:198,2
DA:206,4
DA:210,2
DA:213,2
DA:215,0
DA:218,2
DA:219,2
DA:230,2
DA:232,2
DA:240,4
DA:244,2
DA:247,2
DA:248,2
DA:252,2
DA:255,2
DA:257,0
DA:264,4
DA:268,2
DA:271,2
DA:272,2
DA:276,2
DA:279,2
DA:281,0
DA:288,4
DA:292,2
DA:293,2
DA:294,2
DA:300,4
LF:109
LH:89
BRDA:36,0,0,0
BRDA:36,0,1,2
BRDA:55,1,0,0
BRDA:55,1,1,2
BRDA:74,2,0,0
BRDA:74,2,1,2
BRDA:93,3,0,0
BRDA:93,3,1,2
BRDA:115,4,0,0
BRDA:115,4,1,18
BRDA:123,5,0,18
BRDA:123,5,1,0
BRDA:124,6,0,18
BRDA:124,6,1,0
BRDA:125,7,0,18
BRDA:125,7,1,0
BRDA:126,8,0,18
BRDA:126,8,1,0
BRDA:127,9,0,18
BRDA:127,9,1,0
BRDA:128,10,0,18
BRDA:128,10,1,0
BRDA:129,11,0,18
BRDA:129,11,1,0
BRDA:132,12,0,18
BRDA:132,12,1,0
BRDA:137,13,0,18
BRDA:137,13,1,0
BRDA:138,14,0,18
BRDA:138,14,1,0
BRDA:139,15,0,18
BRDA:139,15,1,0
BRDA:140,16,0,18
BRDA:140,16,1,0
BRDA:141,17,0,18
BRDA:141,17,1,0
BRDA:144,18,0,2
BRDA:144,18,1,16
BRDA:156,19,0,0
BRDA:156,19,1,16
BRDA:179,20,0,0
BRDA:179,20,1,2
BRDA:213,21,0,0
BRDA:213,21,1,2
BRF:44
BRH:23
end_of_record
TN:
SF:/Users/rendell/Documents/nodejs/devconnector/routes/api/users.js
FN:19,(anonymous_0)
FN:26,(anonymous_1)
FN:34,(anonymous_2)
FN:52,(anonymous_3)
FN:53,(anonymous_4)
FN:58,(anonymous_5)
FN:61,(anonymous_6)
FN:73,(anonymous_7)
FN:85,(anonymous_8)
FN:93,(anonymous_9)
FN:108,(anonymous_10)
FN:129,(anonymous_11)
FNF:12
FNH:10
FNDA:0,(anonymous_0)
FNDA:27,(anonymous_1)
FNDA:27,(anonymous_2)
FNDA:27,(anonymous_3)
FNDA:27,(anonymous_4)
FNDA:27,(anonymous_5)
FNDA:0,(anonymous_6)
FNDA:25,(anonymous_7)
FNDA:25,(anonymous_8)
FNDA:25,(anonymous_9)
FNDA:25,(anonymous_10)
FNDA:1,(anonymous_11)
DA:1,4
DA:2,4
DA:3,4
DA:4,4
DA:5,4
DA:6,4
DA:7,4
DA:10,4
DA:11,4
DA:14,4
DA:19,4
DA:20,0
DA:26,4
DA:27,27
DA:30,27
DA:31,0
DA:34,27
DA:35,27
DA:36,0
DA:37,0
DA:39,27
DA:45,27
DA:52,27
DA:53,27
DA:54,27
DA:55,27
DA:56,27
DA:59,27
DA:62,0
DA:73,4
DA:74,25
DA:77,25
DA:78,0
DA:81,25
DA:82,25
DA:85,25
DA:87,25
DA:88,0
DA:89,0
DA:93,25
DA:94,25
DA:97,25
DA:104,25
DA:109,25
DA:116,0
DA:117,0
DA:126,4
DA:130,1
DA:138,4
LF:49
LH:39
BRDA:30,0,0,0
BRDA:30,0,1,27
BRDA:35,1,0,0
BRDA:35,1,1,27
BRDA:54,2,0,0
BRDA:54,2,1,27
BRDA:77,3,0,0
BRDA:77,3,1,25
BRDA:87,4,0,0
BRDA:87,4,1,25
BRDA:94,5,0,25
BRDA:94,5,1,0
BRF:12
BRH:6
end_of_record
TN:
SF:/Users/rendell/Documents/nodejs/devconnector/tests/postsTestUtils.js
FN:4,(anonymous_0)
FN:14,(anonymous_1)
FN:22,(anonymous_2)
FNF:3
FNH:1
FNDA:0,(anonymous_0)
FNDA:0,(anonymous_1)
FNDA:7,(anonymous_2)
DA:1,1
DA:2,1
DA:4,1
DA:5,0
DA:14,1
DA:15,0
DA:22,1
DA:23,7
LF:8
LH:6
BRF:0
BRH:0
end_of_record
TN:
SF:/Users/rendell/Documents/nodejs/devconnector/tests/profileTestsUtils.js
FN:4,(anonymous_0)
FN:24,(anonymous_1)
FN:37,(anonymous_2)
FNF:3
FNH:3
FNDA:8,(anonymous_0)
FNDA:1,(anonymous_1)
FNDA:1,(anonymous_2)
DA:1,1
DA:2,1
DA:4,1
DA:5,8
DA:24,1
DA:25,1
DA:37,1
DA:38,1
LF:8
LH:8
BRF:0
BRH:0
end_of_record
TN:
SF:/Users/rendell/Documents/nodejs/devconnector/tests/userTestsUtils.js
FN:4,(anonymous_0)
FN:14,(anonymous_1)
FNF:2
FNH:2
FNDA:15,(anonymous_0)
FNDA:15,(anonymous_1)
DA:1,2
DA:2,2
DA:4,2
DA:5,15
DA:14,2
DA:15,15
LF:6
LH:6
BRF:0
BRH:0
end_of_record
TN:
SF:/Users/rendell/Documents/nodejs/devconnector/validation/education.js
FN:4,validateEducationInput
FNF:1
FNH:1
FNDA:2,validateEducationInput
DA:1,4
DA:2,4
DA:4,4
DA:5,2
DA:7,2
DA:8,2
DA:9,2
DA:10,2
DA:12,2
DA:13,0
DA:16,2
DA:17,0
DA:20,2
DA:21,0
DA:24,2
DA:25,0
DA:28,2
LF:17
LH:13
BRDA:7,0,0,2
BRDA:7,0,1,0
BRDA:8,1,0,2
BRDA:8,1,1,0
BRDA:9,2,0,2
BRDA:9,2,1,0
BRDA:10,3,0,2
BRDA:10,3,1,0
BRDA:12,4,0,0
BRDA:12,4,1,2
BRDA:16,5,0,0
BRDA:16,5,1,2
BRDA:20,6,0,0
BRDA:20,6,1,2
BRDA:24,7,0,0
BRDA:24,7,1,2
BRF:16
BRH:8
end_of_record
TN:
SF:/Users/rendell/Documents/nodejs/devconnector/validation/experience.js
FN:4,validateExperienceInput
FNF:1
FNH:1
FNDA:2,validateExperienceInput
DA:1,4
DA:2,4
DA:4,4
DA:5,2
DA:7,2
DA:8,2
DA:9,2
DA:11,2
DA:12,0
DA:15,2
DA:16,0
DA:19,2
DA:20,0
DA:23,2
LF:14
LH:11
BRDA:7,0,0,2
BRDA:7,0,1,0
BRDA:8,1,0,2
BRDA:8,1,1,0
BRDA:9,2,0,2
BRDA:9,2,1,0
BRDA:11,3,0,0
BRDA:11,3,1,2
BRDA:15,4,0,0
BRDA:15,4,1,2
BRDA:19,5,0,0
BRDA:19,5,1,2
BRF:12
BRH:6
end_of_record
TN:
SF:/Users/rendell/Documents/nodejs/devconnector/validation/is-empty.js
FN:1,(anonymous_0)
FNF:1
FNH:1
FNDA:426,(anonymous_0)
DA:1,4
DA:2,426
DA:7,4
LF:3
LH:3
BRDA:2,0,0,426
BRDA:2,0,1,426
BRDA:2,0,2,426
BRDA:2,0,3,83
BRDA:2,0,4,343
BRDA:2,0,5,343
BRF:6
BRH:6
end_of_record
TN:
SF:/Users/rendell/Documents/nodejs/devconnector/validation/login.js
FN:4,validateLoginInput
FNF:1
FNH:1
FNDA:25,validateLoginInput
DA:1,4
DA:2,4
DA:4,4
DA:5,25
DA:7,25
DA:8,25
DA:10,25
DA:11,0
DA:14,25
DA:15,0
DA:18,25
DA:19,0
DA:22,25
LF:13
LH:10
BRDA:7,0,0,25
BRDA:7,0,1,0
BRDA:8,1,0,25
BRDA:8,1,1,0
BRDA:10,2,0,0
BRDA:10,2,1,25
BRDA:14,3,0,0
BRDA:14,3,1,25
BRDA:18,4,0,0
BRDA:18,4,1,25
BRF:10
BRH:5
end_of_record
TN:
SF:/Users/rendell/Documents/nodejs/devconnector/validation/post.js
FN:4,validatePostInput
FNF:1
FNH:1
FNDA:9,validatePostInput
DA:1,4
DA:2,4
DA:4,4
DA:5,9
DA:7,9
DA:9,9
DA:10,0
DA:13,9
DA:14,0
DA:17,9
LF:10
LH:8
BRDA:7,0,0,9
BRDA:7,0,1,0
BRDA:9,1,0,0
BRDA:9,1,1,9
BRDA:13,2,0,0
BRDA:13,2,1,9
BRF:6
BRH:3
end_of_record
TN:
SF:/Users/rendell/Documents/nodejs/devconnector/validation/profile.js
FN:4,validateProfileInput
FNF:1
FNH:1
FNDA:18,validateProfileInput
DA:1,4
DA:2,4
DA:4,4
DA:5,18
DA:7,18
DA:8,18
DA:9,18
DA:11,18
DA:12,0
DA:15,18
DA:16,0
DA:19,18
DA:20,0
DA:23,18
DA:24,0
DA:27,18
DA:28,18
DA:29,0
DA:33,18
DA:34,18
DA:35,0
DA:39,18
DA:40,18
DA:41,0
DA:45,18
DA:46,18
DA:47,0
DA:51,18
DA:52,18
DA:53,0
DA:57,18
DA:58,18
DA:59,0
DA:63,18
LF:34
LH:24
BRDA:7,0,0,18
BRDA:7,0,1,0
BRDA:8,1,0,18
BRDA:8,1,1,0
BRDA:9,2,0,18
BRDA:9,2,1,0
BRDA:11,3,0,0
BRDA:11,3,1,18
BRDA:15,4,0,0
BRDA:15,4,1,18
BRDA:19,5,0,0
BRDA:19,5,1,18
BRDA:23,6,0,0
BRDA:23,6,1,18
BRDA:27,7,0,18
BRDA:27,7,1,0
BRDA:28,8,0,0
BRDA:28,8,1,18
BRDA:33,9,0,18
BRDA:33,9,1,0
BRDA:34,10,0,0
BRDA:34,10,1,18
BRDA:39,11,0,18
BRDA:39,11,1,0
BRDA:40,12,0,0
BRDA:40,12,1,18
BRDA:45,13,0,18
BRDA:45,13,1,0
BRDA:46,14,0,0
BRDA:46,14,1,18
BRDA:51,15,0,18
BRDA:51,15,1,0
BRDA:52,16,0,0
BRDA:52,16,1,18
BRDA:57,17,0,18
BRDA:57,17,1,0
BRDA:58,18,0,0
BRDA:58,18,1,18
BRF:38
BRH:19
end_of_record
TN:
SF:/Users/rendell/Documents/nodejs/devconnector/validation/register.js
FN:4,validateRegisterInput
FNF:1
FNH:1
FNDA:27,validateRegisterInput
DA:1,4
DA:2,4
DA:4,4
DA:5,27
DA:7,27
DA:8,27
DA:9,27
DA:10,27
DA:12,27
DA:13,0
DA:16,27
DA:17,0
DA:20,27
DA:21,0
DA:24,27
DA:25,0
DA:28,27
DA:29,0
DA:32,27
DA:33,0
DA:36,27
DA:37,0
DA:40,27
DA:41,0
DA:44,27
LF:25
LH:17
BRDA:7,0,0,27
BRDA:7,0,1,0
BRDA:8,1,0,27
BRDA:8,1,1,0
BRDA:9,2,0,27
BRDA:9,2,1,0
BRDA:10,3,0,27
BRDA:10,3,1,0
BRDA:12,4,0,0
BRDA:12,4,1,27
BRDA:16,5,0,0
BRDA:16,5,1,27
BRDA:20,6,0,0
BRDA:20,6,1,27
BRDA:24,7,0,0
BRDA:24,7,1,27
BRDA:28,8,0,0
BRDA:28,8,1,27
BRDA:32,9,0,0
BRDA:32,9,1,27
BRDA:36,10,0,0
BRDA:36,10,1,27
BRDA:40,11,0,0
BRDA:40,11,1,27
BRF:24
BRH:12
end_of_record
